SF:C:\Users\Eduardo\Documents\seedsphere\router\lib\addon_service.dart
DA:16,1
DA:17,0
DA:20,1
DA:21,1
DA:24,2
DA:27,1
DA:29,1
DA:32,1
DA:34,1
DA:38,2
DA:41,2
DA:47,2
DA:54,1
DA:55,1
DA:56,1
DA:57,1
DA:58,1
DA:59,1
DA:63,1
DA:64,2
DA:68,1
DA:69,1
DA:70,1
DA:72,0
DA:76,1
DA:79,1
DA:80,1
DA:82,2
DA:83,2
DA:85,3
DA:88,2
DA:91,3
DA:95,1
DA:96,2
DA:97,2
DA:98,2
DA:101,1
DA:102,2
DA:103,2
DA:106,1
DA:110,1
DA:117,1
DA:119,2
DA:120,2
DA:122,0
DA:123,0
DA:124,0
DA:134,0
DA:137,0
DA:138,0
DA:139,0
DA:142,1
DA:143,1
DA:144,1
DA:145,1
LF:55
LH:46
end_of_record
SF:C:\Users\Eduardo\Documents\seedsphere\router\lib\scraper_service.dart
DA:18,0
DA:19,1
DA:20,1
DA:21,1
DA:22,0
DA:32,0
DA:33,0
DA:34,1
DA:35,3
DA:36,1
DA:37,1
DA:38,2
DA:39,0
DA:40,1
DA:41,2
DA:42,1
DA:44,2
DA:45,1
DA:46,0
DA:48,1
DA:49,1
DA:51,2
DA:52,1
DA:53,1
DA:54,0
DA:55,0
DA:56,1
DA:57,0
DA:58,0
DA:59,1
DA:60,2
DA:61,1
DA:62,1
DA:64,2
DA:65,1
DA:66,1
DA:69,0
DA:72,0
DA:78,0
DA:79,1
DA:85,1
DA:87,0
DA:90,0
DA:94,2
DA:97,2
DA:103,0
DA:104,0
DA:107,0
DA:108,0
DA:110,2
DA:111,1
DA:113,0
DA:114,1
DA:115,2
DA:116,0
DA:117,3
DA:118,1
DA:120,1
DA:123,1
DA:124,1
DA:125,2
DA:127,2
DA:130,0
DA:131,4
DA:132,0
DA:133,0
DA:134,2
DA:135,0
DA:136,0
DA:137,0
DA:138,0
DA:139,0
DA:140,0
DA:141,0
DA:142,0
DA:143,0
DA:144,0
DA:145,0
DA:146,0
DA:147,0
DA:148,0
DA:149,0
DA:150,0
DA:154,0
DA:155,0
DA:156,0
DA:157,0
DA:158,0
DA:161,0
DA:162,0
DA:165,2
DA:169,1
LF:92
LH:45
end_of_record
SF:C:\Users\Eduardo\Documents\seedsphere\router\lib\boost_service.dart
DA:21,2
DA:26,4
DA:29,2
DA:30,2
DA:31,2
DA:32,2
DA:33,2
DA:34,1
DA:45,6
DA:48,4
DA:50,2
DA:53,2
DA:59,2
DA:66,4
DA:67,6
DA:68,2
DA:71,4
DA:75,1
DA:76,5
DA:80,3
DA:83,0
DA:84,0
LF:22
LH:20
end_of_record
SF:C:\Users\Eduardo\Documents\seedsphere\router\lib\core\metadata_normalizer.dart
DA:40,2
DA:55,2
DA:56,2
DA:57,2
DA:58,3
DA:59,2
DA:60,2
DA:61,2
DA:62,3
DA:63,3
DA:64,1
DA:65,4
DA:66,3
DA:80,6
DA:81,6
DA:82,6
DA:84,6
DA:88,6
DA:89,6
DA:91,6
DA:96,6
DA:102,2
DA:103,3
DA:104,2
DA:107,6
DA:109,4
DA:110,0
DA:113,2
DA:115,2
DA:117,3
DA:118,3
DA:119,2
DA:121,4
DA:122,2
DA:123,2
DA:124,2
DA:125,2
DA:130,2
DA:131,2
DA:133,2
DA:134,2
DA:135,2
DA:138,2
DA:139,2
DA:140,2
DA:144,2
DA:145,4
DA:146,4
DA:147,4
DA:151,2
DA:152,4
DA:153,4
DA:154,4
DA:158,2
DA:160,4
DA:162,6
DA:167,2
DA:175,5
DA:179,6
DA:180,6
DA:181,1
DA:183,6
DA:184,1
DA:186,6
DA:187,0
DA:189,5
DA:190,5
DA:191,6
DA:192,0
DA:194,5
DA:195,4
DA:196,4
DA:197,5
DA:199,2
DA:202,2
DA:204,0
DA:205,0
DA:209,2
DA:210,4
DA:214,4
DA:215,4
DA:218,2
DA:219,0
DA:220,2
DA:221,4
DA:222,1
DA:223,1
DA:226,4
LF:88
LH:82
end_of_record
SF:C:\Users\Eduardo\Documents\seedsphere\router\lib\crypto_helper.dart
DA:8,3
DA:15,1
DA:16,1
DA:17,1
DA:18,1
DA:19,2
DA:20,2
DA:22,3
DA:26,1
DA:27,2
DA:34,1
DA:35,1
DA:37,1
DA:38,1
DA:39,1
DA:41,2
DA:42,1
DA:44,1
DA:45,1
DA:48,1
DA:52,1
DA:53,2
DA:56,4
DA:57,1
DA:58,1
DA:59,2
DA:61,1
DA:63,0
DA:64,0
DA:72,1
DA:73,1
DA:75,1
DA:78,3
DA:79,1
DA:83,1
DA:84,2
DA:85,2
DA:87,1
DA:89,2
DA:90,1
DA:92,1
DA:93,1
DA:96,1
DA:100,1
DA:101,1
DA:110,2
DA:111,1
DA:115,1
DA:116,1
DA:118,1
DA:119,1
DA:121,1
DA:122,3
LF:53
LH:51
end_of_record
SF:C:\Users\Eduardo\Documents\seedsphere\router\lib\db_service.dart
DA:12,2
DA:13,2
DA:14,2
DA:15,0
DA:17,2
DA:18,4
DA:21,4
DA:22,4
DA:24,2
DA:27,2
DA:28,4
DA:120,0
DA:121,0
DA:123,0
DA:125,0
DA:135,0
DA:136,0
DA:144,0
DA:153,0
DA:156,0
DA:164,0
DA:170,0
DA:172,0
DA:174,0
DA:176,0
DA:180,0
DA:181,0
DA:182,0
DA:186,0
DA:193,1
DA:194,2
DA:195,1
DA:198,2
DA:200,1
DA:207,1
DA:208,2
DA:211,2
DA:212,1
DA:213,1
DA:214,4
DA:215,0
DA:222,0
DA:223,0
DA:227,2
DA:228,4
DA:231,4
DA:232,2
DA:233,4
DA:237,2
DA:238,4
DA:241,4
DA:245,4
DA:250,1
DA:251,2
DA:252,2
DA:258,1
DA:263,1
DA:264,2
DA:265,3
DA:272,0
DA:273,0
DA:274,0
DA:280,0
DA:285,2
DA:286,4
DA:287,2
DA:288,4
DA:290,2
DA:295,2
DA:296,4
DA:299,4
DA:300,2
DA:301,2
DA:302,8
DA:307,2
DA:308,6
DA:312,2
DA:313,4
DA:316,4
DA:317,2
DA:318,4
DA:322,2
DA:323,4
DA:324,4
DA:330,2
DA:335,1
DA:336,2
DA:339,2
DA:340,1
DA:344,1
DA:345,1
DA:346,1
DA:347,2
DA:349,2
DA:350,1
DA:355,2
DA:356,4
DA:358,2
DA:359,2
DA:362,4
DA:365,8
DA:368,8
DA:371,10
DA:372,8
DA:376,6
DA:379,2
DA:380,2
DA:381,2
DA:382,4
DA:383,4
DA:387,1
DA:388,1
DA:389,1
DA:390,2
DA:391,2
DA:395,0
DA:396,0
DA:397,0
DA:398,0
DA:408,1
DA:409,2
DA:410,2
DA:411,1
DA:413,2
DA:414,1
DA:417,2
DA:420,2
DA:421,1
DA:425,0
DA:426,0
DA:427,0
DA:435,2
DA:447,1
DA:453,2
DA:458,1
DA:459,2
DA:460,1
DA:461,0
DA:462,0
DA:463,0
DA:467,1
DA:470,2
DA:479,1
DA:484,1
DA:486,2
DA:487,2
DA:489,1
DA:490,3
DA:492,3
DA:497,1
DA:498,2
DA:499,1
DA:500,0
DA:501,0
DA:502,0
DA:508,1
DA:511,3
DA:512,1
DA:518,0
DA:520,0
DA:522,0
DA:524,0
DA:526,0
DA:530,0
DA:531,0
DA:533,0
DA:534,0
DA:537,0
LF:168
LH:119
end_of_record
SF:C:\Users\Eduardo\Documents\seedsphere\router\lib\health_service.dart
DA:15,2
DA:18,0
DA:19,0
DA:20,0
DA:21,1
DA:22,1
DA:23,2
DA:24,2
DA:25,4
DA:27,0
DA:30,1
DA:31,0
DA:33,2
DA:34,3
DA:35,0
DA:37,0
DA:38,2
DA:39,0
DA:40,0
DA:41,0
DA:42,2
DA:43,1
DA:45,0
DA:48,0
DA:51,3
DA:52,0
DA:54,0
DA:55,0
DA:57,0
DA:58,0
DA:61,0
DA:63,0
DA:64,1
DA:65,0
DA:66,3
DA:67,4
DA:68,3
DA:69,4
DA:72,0
DA:74,0
DA:75,0
DA:76,0
DA:77,0
DA:78,0
DA:79,0
DA:80,0
DA:81,0
DA:82,0
DA:83,0
DA:84,0
DA:85,0
DA:86,0
DA:87,0
DA:88,0
DA:89,0
DA:90,0
DA:91,0
DA:92,0
DA:93,0
DA:94,0
DA:95,0
DA:96,0
DA:97,0
DA:98,0
DA:99,0
DA:100,0
DA:101,0
DA:104,0
DA:105,0
DA:107,0
DA:108,0
DA:110,0
DA:111,0
DA:112,0
DA:113,0
DA:115,0
DA:116,0
DA:122,0
DA:125,0
DA:127,0
DA:128,0
DA:130,0
DA:131,0
DA:133,0
DA:134,0
DA:135,0
DA:138,0
DA:141,0
DA:144,0
DA:145,0
DA:147,0
DA:148,0
DA:149,0
DA:150,0
DA:151,0
DA:152,0
DA:153,0
DA:154,0
DA:157,0
DA:160,0
DA:161,0
DA:162,0
DA:163,0
DA:164,0
DA:165,0
DA:166,0
DA:169,0
DA:172,0
DA:173,0
DA:174,0
DA:175,0
DA:176,0
DA:177,0
DA:178,0
DA:179,0
DA:180,0
DA:181,0
DA:182,0
DA:183,0
DA:189,0
DA:191,0
DA:192,1
DA:193,0
DA:194,1
DA:195,2
DA:196,2
DA:198,3
DA:199,0
DA:202,3
DA:203,0
DA:204,0
DA:205,0
DA:206,3
DA:207,0
DA:208,0
DA:209,0
DA:212,3
DA:213,0
DA:216,3
DA:218,0
DA:221,1
DA:222,0
DA:225,1
DA:236,0
DA:239,1
LF:145
LH:30
end_of_record
SF:C:\Users\Eduardo\Documents\seedsphere\router\lib\models\ai_models.dart
DA:34,1
DA:35,1
DA:36,4
DA:37,1
DA:98,2
DA:119,2
DA:120,1
DA:121,1
DA:122,1
DA:123,1
DA:124,1
DA:125,1
DA:126,1
DA:127,1
DA:128,1
DA:129,1
DA:130,1
DA:131,1
DA:132,2
DA:133,1
DA:134,1
DA:153,2
DA:161,2
DA:165,2
DA:173,2
DA:174,2
LF:26
LH:26
end_of_record
SF:C:\Users\Eduardo\Documents\seedsphere\router\lib\scrapers\scraper_engine.dart
DA:29,6
DA:57,1
DA:60,1
DA:61,1
DA:62,1
DA:63,1
DA:64,1
DA:65,1
DA:66,1
DA:67,1
DA:68,1
DA:69,1
DA:70,1
DA:71,1
DA:72,1
DA:73,1
DA:74,1
DA:75,1
DA:87,1
DA:88,1
DA:89,1
DA:90,4
DA:93,1
DA:96,1
DA:98,1
DA:99,3
LF:26
LH:26
end_of_record
SF:C:\Users\Eduardo\Documents\seedsphere\router\lib\tracker_service.dart
DA:19,1
DA:22,0
DA:24,0
DA:25,0
DA:28,0
DA:31,0
DA:33,0
DA:34,0
DA:35,0
DA:38,0
DA:46,0
DA:48,0
DA:49,0
DA:50,0
DA:51,0
DA:52,0
DA:53,0
DA:54,0
DA:55,0
DA:60,0
DA:61,0
DA:62,0
DA:67,0
DA:70,0
DA:75,1
DA:76,2
DA:80,1
DA:81,2
DA:85,1
DA:86,3
DA:87,2
DA:88,1
DA:89,1
DA:90,1
DA:93,2
DA:104,1
DA:106,2
DA:107,2
DA:111,1
DA:114,1
DA:115,2
DA:117,2
DA:119,3
DA:120,3
DA:128,1
DA:129,2
DA:130,1
DA:131,0
DA:132,0
DA:136,1
DA:142,1
DA:144,1
DA:145,1
DA:146,1
DA:147,2
DA:149,1
DA:150,0
DA:151,0
DA:152,0
DA:153,0
DA:154,0
DA:155,0
DA:156,0
DA:157,0
DA:158,0
DA:159,0
DA:161,0
DA:162,0
DA:163,0
DA:164,0
DA:165,0
DA:166,0
DA:167,0
DA:168,0
DA:169,0
DA:181,0
DA:182,0
DA:183,0
DA:184,0
DA:185,0
DA:188,0
DA:189,0
DA:190,0
DA:191,0
DA:194,0
DA:195,0
DA:196,0
DA:197,0
DA:199,0
DA:202,0
DA:206,0
DA:207,0
DA:209,0
DA:210,0
DA:214,0
DA:215,0
DA:219,0
DA:220,0
DA:221,0
DA:222,0
DA:223,0
DA:225,0
DA:227,0
DA:233,0
DA:234,0
DA:237,0
DA:238,0
DA:244,0
DA:247,0
DA:249,0
DA:253,0
DA:258,0
DA:262,0
DA:264,0
DA:267,0
LF:115
LH:31
end_of_record
SF:C:\Users\Eduardo\Documents\seedsphere\router\lib\services\ai_service.dart
DA:14,2
DA:15,2
DA:16,1
DA:19,1
DA:23,2
DA:25,1
DA:29,1
DA:32,1
DA:37,1
DA:38,1
DA:39,1
DA:41,1
DA:43,1
DA:45,1
DA:46,0
DA:48,0
DA:50,0
DA:52,1
DA:53,1
DA:55,1
DA:57,1
DA:59,1
DA:60,1
DA:62,1
DA:64,1
DA:66,1
DA:67,0
DA:69,0
DA:71,0
DA:73,1
DA:74,0
DA:76,0
DA:78,0
DA:80,1
DA:81,0
DA:83,0
DA:85,0
DA:87,1
DA:88,1
DA:90,1
DA:92,1
DA:96,2
DA:99,1
DA:100,0
DA:104,2
DA:106,1
DA:110,1
DA:111,1
DA:112,3
DA:114,1
DA:115,0
DA:117,1
DA:118,0
DA:121,1
DA:122,1
DA:123,1
DA:124,1
DA:125,1
DA:126,3
DA:127,1
DA:128,0
DA:131,1
DA:132,0
DA:134,1
DA:135,0
DA:137,1
DA:138,0
DA:140,1
DA:141,0
DA:143,1
DA:144,0
DA:149,2
DA:153,1
DA:159,1
DA:169,0
DA:175,0
DA:178,0
DA:188,0
DA:194,0
DA:197,0
DA:207,0
DA:213,0
DA:216,0
DA:226,0
DA:232,0
DA:236,0
DA:247,1
DA:254,2
DA:256,1
DA:257,1
DA:262,1
DA:263,1
DA:264,1
DA:265,1
DA:267,1
DA:271,2
DA:273,2
DA:274,4
DA:277,2
DA:278,1
DA:279,1
DA:281,2
DA:282,1
DA:283,1
DA:287,1
DA:293,1
DA:297,2
DA:301,1
DA:302,1
DA:306,1
DA:307,1
DA:308,1
DA:309,1
DA:316,2
DA:318,2
DA:319,0
DA:322,2
DA:323,1
DA:324,1
DA:326,2
DA:327,1
DA:331,1
DA:337,1
DA:342,1
DA:344,2
DA:345,1
DA:346,1
DA:348,1
DA:349,1
DA:353,1
DA:354,1
DA:357,1
DA:358,1
DA:359,1
DA:360,1
DA:363,2
DA:365,2
DA:366,0
DA:369,2
DA:370,1
DA:371,1
DA:373,2
DA:374,1
DA:375,1
DA:377,2
DA:378,1
DA:382,1
DA:388,1
DA:392,2
DA:399,1
DA:400,1
DA:401,1
DA:402,1
DA:404,1
DA:408,2
DA:410,2
DA:411,0
DA:414,2
DA:415,1
DA:416,1
DA:420,0
DA:423,0
LF:162
LH:124
end_of_record
SF:C:\Users\Eduardo\Documents\seedsphere\router\lib\scrapers\anidex_scraper.dart
DA:10,2
DA:11,1
DA:12,2
DA:14,2
DA:19,2
DA:20,1
DA:21,1
DA:23,2
DA:24,2
DA:26,1
DA:27,2
DA:28,1
DA:29,2
DA:31,2
DA:32,1
DA:33,1
DA:34,2
DA:35,1
DA:36,1
DA:41,1
DA:43,0
DA:47,2
DA:52,2
DA:53,2
DA:54,4
DA:55,2
DA:56,2
DA:57,2
DA:58,4
DA:64,1
DA:66,1
DA:70,2
DA:71,3
DA:73,1
DA:76,1
DA:77,2
DA:78,2
LF:37
LH:36
end_of_record
SF:C:\Users\Eduardo\Documents\seedsphere\router\lib\scrapers\eztv_scraper.dart
DA:10,2
DA:11,1
DA:12,2
DA:14,2
DA:19,6
DA:20,2
DA:21,4
DA:22,2
DA:24,2
DA:26,2
DA:27,1
DA:29,1
DA:31,2
DA:32,1
DA:33,1
DA:34,2
DA:35,1
DA:36,1
DA:38,1
DA:39,1
DA:40,1
DA:41,1
DA:49,1
LF:23
LH:23
end_of_record
SF:C:\Users\Eduardo\Documents\seedsphere\router\lib\scrapers\magnetdl_scraper.dart
DA:10,2
DA:11,1
DA:12,2
DA:14,2
DA:17,2
DA:18,2
DA:19,1
DA:21,1
DA:22,2
DA:24,2
DA:25,2
DA:26,2
DA:28,1
DA:29,2
DA:30,1
DA:31,2
DA:33,2
DA:34,1
DA:35,1
DA:36,2
DA:38,1
DA:43,1
DA:45,0
DA:49,2
DA:54,2
DA:55,2
DA:56,4
DA:57,2
DA:58,2
DA:59,2
DA:60,4
DA:66,1
DA:68,1
DA:72,2
DA:73,3
DA:75,1
DA:78,1
DA:79,2
DA:80,2
LF:39
LH:38
end_of_record
SF:C:\Users\Eduardo\Documents\seedsphere\router\lib\scrapers\nyaa_scraper.dart
DA:10,2
DA:11,1
DA:12,2
DA:14,2
DA:29,2
DA:30,1
DA:32,1
DA:34,2
DA:35,2
DA:37,1
DA:38,2
DA:39,1
DA:41,2
DA:43,2
DA:45,3
DA:46,1
DA:47,1
DA:48,1
DA:53,1
DA:55,0
DA:59,2
DA:64,2
DA:65,2
DA:66,4
DA:67,2
DA:69,2
DA:71,2
DA:72,1
DA:76,1
DA:77,1
DA:78,1
DA:85,1
DA:87,1
DA:92,2
DA:93,1
DA:94,1
DA:95,1
DA:99,1
DA:102,1
DA:103,2
DA:104,2
LF:41
LH:40
end_of_record
SF:C:\Users\Eduardo\Documents\seedsphere\router\lib\scrapers\piratebay_scraper.dart
DA:10,2
DA:11,1
DA:12,2
DA:14,2
DA:17,2
DA:19,2
DA:20,2
DA:21,2
DA:24,2
DA:26,2
DA:28,2
DA:30,1
DA:31,2
DA:32,1
DA:34,2
DA:37,1
DA:38,4
DA:39,0
DA:42,1
DA:44,3
DA:45,1
DA:46,1
DA:47,1
DA:52,1
DA:54,0
DA:58,1
DA:60,1
DA:65,2
DA:66,1
DA:67,1
DA:68,1
DA:72,1
DA:75,2
DA:80,2
DA:81,2
DA:82,4
DA:83,2
DA:85,2
DA:87,2
DA:88,1
DA:92,1
DA:93,1
DA:94,1
DA:101,1
DA:102,2
DA:103,2
LF:46
LH:44
end_of_record
SF:C:\Users\Eduardo\Documents\seedsphere\router\lib\scrapers\rutor_scraper.dart
DA:10,2
DA:11,1
DA:12,2
DA:14,2
DA:17,2
DA:18,2
DA:19,1
DA:21,2
DA:22,2
DA:24,1
DA:25,2
DA:26,1
DA:27,2
DA:29,2
DA:30,1
DA:31,1
DA:32,2
DA:33,1
DA:34,1
DA:39,1
DA:41,0
DA:45,2
DA:50,2
DA:51,2
DA:52,4
DA:53,2
DA:54,2
DA:55,2
DA:56,4
DA:62,1
DA:64,1
DA:68,2
DA:69,3
DA:71,1
DA:74,1
DA:75,2
DA:76,2
LF:37
LH:36
end_of_record
SF:C:\Users\Eduardo\Documents\seedsphere\router\lib\scrapers\x1337_scraper.dart
DA:15,4
DA:20,2
DA:21,1
DA:22,4
DA:24,2
DA:30,2
DA:36,2
DA:39,2
DA:40,1
DA:42,1
DA:45,1
DA:47,2
DA:48,2
DA:50,1
DA:51,3
DA:52,1
DA:54,2
DA:57,4
DA:60,1
DA:61,2
DA:63,1
DA:64,5
DA:65,1
DA:66,3
DA:75,3
DA:76,1
DA:77,1
DA:79,2
DA:80,1
DA:81,1
DA:82,1
DA:87,1
DA:89,0
DA:93,1
DA:95,1
DA:97,2
DA:98,1
DA:99,1
DA:102,1
DA:105,1
DA:107,1
DA:112,2
DA:113,1
DA:114,1
DA:115,1
DA:119,1
DA:122,2
DA:127,2
DA:128,2
DA:129,4
DA:130,2
DA:132,2
DA:134,2
DA:135,1
DA:139,1
DA:140,1
DA:141,1
DA:148,1
DA:149,2
DA:150,2
LF:60
LH:59
end_of_record
SF:C:\Users\Eduardo\Documents\seedsphere\router\lib\scrapers\torrentgalaxy_scraper.dart
DA:17,2
DA:18,1
DA:19,2
DA:21,2
DA:24,2
DA:25,2
DA:26,1
DA:28,2
DA:30,2
DA:32,1
DA:33,2
DA:34,1
DA:36,2
DA:38,2
DA:40,3
DA:41,1
DA:42,1
DA:43,1
DA:47,1
DA:49,0
DA:55,2
DA:60,2
DA:61,2
DA:62,4
DA:63,2
DA:64,2
DA:65,2
DA:66,4
DA:72,1
DA:74,1
DA:78,2
DA:79,3
DA:81,1
DA:84,1
DA:85,2
DA:86,2
LF:36
LH:35
end_of_record
SF:C:\Users\Eduardo\Documents\seedsphere\router\lib\scrapers\torlock_scraper.dart
DA:10,2
DA:11,1
DA:12,2
DA:14,2
DA:17,2
DA:18,2
DA:19,1
DA:21,2
DA:22,2
DA:24,1
DA:25,2
DA:26,1
DA:27,2
DA:29,2
DA:30,1
DA:31,1
DA:32,2
DA:33,1
DA:34,1
DA:39,1
DA:41,0
DA:45,2
DA:50,2
DA:51,2
DA:52,4
DA:53,2
DA:54,2
DA:55,2
DA:56,4
DA:62,1
DA:66,1
DA:70,2
DA:71,3
DA:73,1
DA:76,1
DA:77,2
DA:78,2
LF:37
LH:36
end_of_record
SF:C:\Users\Eduardo\Documents\seedsphere\router\lib\scrapers\tokyotosho_scraper.dart
DA:10,2
DA:11,1
DA:12,2
DA:14,2
DA:18,2
DA:19,1
DA:20,1
DA:22,2
DA:24,2
DA:26,1
DA:27,2
DA:28,1
DA:29,2
DA:31,2
DA:32,1
DA:33,1
DA:34,2
DA:35,1
DA:36,1
DA:41,1
DA:43,0
DA:47,2
DA:52,2
DA:53,2
DA:54,4
DA:55,2
DA:56,2
DA:57,2
DA:58,4
DA:64,1
DA:66,1
DA:70,2
DA:71,3
DA:73,1
DA:76,1
DA:77,2
DA:78,2
LF:37
LH:36
end_of_record
SF:C:\Users\Eduardo\Documents\seedsphere\router\lib\scrapers\zooqle_scraper.dart
DA:10,2
DA:11,1
DA:12,2
DA:14,2
DA:17,2
DA:18,2
DA:19,1
DA:21,2
DA:22,2
DA:24,1
DA:25,2
DA:26,1
DA:27,2
DA:29,2
DA:30,1
DA:31,1
DA:32,2
DA:33,1
DA:34,1
DA:39,1
DA:41,0
DA:45,2
DA:50,2
DA:51,2
DA:52,4
DA:53,2
DA:54,2
DA:55,2
DA:56,4
DA:62,1
DA:64,1
DA:68,2
DA:69,3
DA:71,1
DA:74,1
DA:75,2
DA:76,2
LF:37
LH:36
end_of_record
SF:C:\Users\Eduardo\Documents\seedsphere\router\lib\scrapers\torrentio_scraper.dart
DA:22,1
DA:23,1
DA:24,1
DA:37,1
DA:39,2
DA:40,3
DA:43,2
DA:45,2
DA:46,1
DA:49,1
DA:50,2
DA:51,2
DA:52,1
DA:53,1
DA:54,1
LF:15
LH:15
end_of_record
SF:C:\Users\Eduardo\Documents\seedsphere\router\lib\scrapers\yts_scraper.dart
DA:21,1
DA:22,1
DA:23,1
DA:36,1
DA:38,2
DA:39,1
DA:40,2
DA:41,2
DA:44,0
DA:46,0
DA:47,0
DA:50,0
DA:51,0
DA:52,0
DA:53,0
DA:55,0
DA:56,0
DA:57,0
DA:58,0
LF:19
LH:8
end_of_record
SF:C:\Users\Eduardo\Documents\seedsphere\router\lib\services\ai_cache.dart
DA:12,2
DA:15,1
DA:16,1
DA:17,2
DA:20,2
DA:24,4
DA:25,2
DA:26,2
DA:27,2
DA:31,2
DA:32,1
DA:36,1
DA:37,1
DA:38,3
DA:40,2
DA:41,1
DA:46,1
DA:47,2
DA:51,2
DA:52,2
DA:53,1
DA:54,1
DA:64,1
DA:67,1
DA:68,1
DA:69,2
DA:70,1
DA:71,1
DA:72,1
DA:73,1
DA:74,1
DA:75,1
DA:76,1
DA:77,1
DA:78,1
DA:80,1
DA:83,0
DA:93,1
LF:38
LH:37
end_of_record
SF:C:\Users\Eduardo\Documents\seedsphere\router\lib\auth_service.dart
DA:24,2
DA:32,6
DA:34,2
DA:36,2
DA:37,1
DA:39,2
DA:40,2
DA:43,2
DA:44,6
DA:45,2
DA:52,1
DA:54,2
DA:58,2
DA:59,2
DA:62,4
DA:63,4
DA:64,4
DA:67,4
DA:68,4
DA:71,4
DA:72,4
DA:75,4
DA:76,4
DA:77,4
DA:78,4
DA:83,0
DA:84,0
DA:85,0
DA:88,0
DA:89,0
DA:90,0
DA:98,0
DA:99,0
DA:103,0
DA:105,0
DA:106,0
DA:107,0
DA:110,0
DA:111,0
DA:116,0
DA:117,0
DA:118,0
DA:119,0
DA:123,0
DA:124,0
DA:127,0
DA:128,0
DA:129,0
DA:133,0
DA:134,0
DA:143,0
DA:145,0
DA:147,0
DA:148,0
DA:152,0
DA:153,0
DA:160,0
DA:161,0
DA:162,0
DA:165,0
DA:168,0
DA:169,0
DA:172,0
DA:174,0
DA:177,0
DA:178,0
DA:183,0
DA:184,0
DA:185,0
DA:187,0
DA:188,0
DA:191,0
DA:194,0
DA:195,0
DA:196,0
DA:198,0
DA:199,0
DA:205,0
DA:206,0
DA:207,0
DA:211,0
DA:212,0
DA:214,0
DA:218,0
DA:219,0
DA:220,0
DA:222,0
DA:223,0
DA:226,0
DA:227,0
DA:228,0
DA:231,0
DA:232,0
DA:235,0
DA:237,0
DA:240,0
DA:246,0
DA:250,0
DA:252,0
DA:253,0
DA:254,0
DA:256,0
DA:257,0
DA:260,0
DA:261,0
DA:262,0
DA:265,0
DA:267,0
DA:270,0
DA:275,0
DA:278,0
DA:280,0
DA:281,0
DA:286,0
DA:287,0
DA:288,0
DA:291,0
DA:292,0
DA:293,0
DA:294,0
DA:296,0
DA:299,0
DA:305,0
DA:309,0
DA:310,0
DA:312,0
DA:315,0
DA:319,0
DA:320,0
DA:321,0
DA:323,0
DA:325,0
DA:328,0
DA:331,0
DA:332,0
DA:337,1
DA:338,1
DA:340,3
DA:343,1
DA:344,3
DA:348,1
DA:349,1
DA:350,2
DA:351,3
DA:353,0
DA:357,0
DA:358,0
DA:360,0
DA:364,0
DA:365,0
DA:368,1
DA:369,1
DA:371,0
DA:374,1
DA:375,3
DA:378,0
DA:379,0
DA:382,1
DA:383,1
DA:385,0
DA:388,1
DA:389,3
DA:409,0
DA:414,0
DA:415,0
DA:416,0
DA:417,0
DA:420,0
DA:422,0
DA:423,0
DA:424,0
DA:427,0
DA:431,0
DA:432,0
DA:435,0
DA:436,0
DA:439,0
DA:441,0
DA:442,0
DA:443,0
DA:446,0
DA:449,0
DA:450,0
DA:452,0
DA:455,0
DA:456,0
DA:457,0
DA:461,1
DA:462,1
DA:465,2
DA:468,1
DA:471,1
DA:472,2
DA:475,4
DA:476,2
DA:477,1
DA:478,2
DA:485,0
DA:487,0
DA:488,0
LF:200
LH:52
end_of_record
SF:C:\Users\Eduardo\Documents\seedsphere\router\lib\mailer_service.dart
DA:20,0
DA:25,0
DA:36,1
DA:44,1
DA:58,1
DA:64,1
DA:65,4
DA:66,2
DA:67,1
DA:70,1
DA:72,1
DA:76,3
DA:79,2
DA:88,1
DA:93,1
DA:101,1
DA:102,1
DA:104,1
DA:107,1
DA:108,1
DA:109,1
DA:110,1
DA:189,1
DA:198,1
DA:203,2
DA:206,1
DA:211,0
DA:214,0
DA:219,0
DA:222,0
DA:225,0
LF:31
LH:24
end_of_record
SF:C:\Users\Eduardo\Documents\seedsphere\router\lib\linking_service.dart
DA:13,1
DA:21,1
DA:22,5
DA:25,2
DA:26,2
DA:28,3
DA:30,1
DA:46,1
DA:47,3
DA:48,2
DA:51,1
DA:54,2
DA:55,2
DA:56,2
DA:60,4
DA:61,1
DA:63,2
DA:64,2
DA:65,2
DA:67,1
LF:20
LH:20
end_of_record
SF:C:\Users\Eduardo\Documents\seedsphere\router\lib\event_service.dart
DA:10,1
DA:11,1
DA:12,4
DA:14,2
DA:15,3
DA:16,3
DA:17,2
DA:19,1
DA:23,1
DA:24,3
DA:27,1
DA:31,1
DA:32,2
DA:33,5
DA:37,0
DA:38,0
DA:39,0
DA:40,0
LF:18
LH:14
end_of_record
SF:C:\Users\Eduardo\Documents\seedsphere\router\lib\p2p_node.dart
DA:14,1
DA:18,1
DA:19,1
DA:22,1
DA:26,1
DA:27,1
DA:29,0
DA:30,0
DA:32,0
DA:38,2
DA:41,0
DA:42,0
DA:44,0
DA:45,0
DA:47,0
DA:49,0
DA:50,0
DA:51,0
DA:53,0
DA:57,2
DA:58,3
DA:59,1
DA:61,1
DA:62,1
DA:63,1
DA:64,1
DA:71,2
DA:72,1
DA:74,1
DA:75,4
DA:76,4
DA:78,0
DA:84,1
DA:85,1
DA:86,2
DA:87,1
DA:91,4
DA:94,1
DA:95,7
LF:39
LH:26
end_of_record
SF:C:\Users\Eduardo\Documents\seedsphere\router\lib\pairing_service.dart
DA:25,1
DA:35,0
DA:36,0
DA:37,0
DA:38,0
DA:39,0
DA:40,0
DA:41,0
DA:51,1
DA:52,2
DA:53,4
DA:54,1
DA:56,1
DA:59,1
DA:63,2
DA:66,1
DA:67,0
DA:74,1
DA:75,2
DA:78,1
DA:79,1
DA:85,3
LF:22
LH:14
end_of_record
SF:C:\Users\Eduardo\Documents\seedsphere\router\lib\prefetch_service.dart
DA:22,1
DA:25,1
DA:26,1
DA:28,1
DA:30,4
DA:34,1
DA:35,2
DA:38,1
DA:39,1
DA:42,2
DA:43,1
DA:45,2
DA:46,1
DA:48,1
DA:51,1
DA:64,3
DA:66,0
LF:17
LH:16
end_of_record
SF:C:\Users\Eduardo\Documents\seedsphere\router\lib\rate_limit_middleware.dart
DA:13,1
DA:17,1
DA:18,1
DA:20,1
DA:21,2
DA:22,1
DA:24,3
DA:25,2
DA:29,2
DA:33,2
DA:38,1
DA:39,2
DA:40,1
DA:41,4
DA:45,1
DA:46,1
DA:47,2
DA:48,2
DA:49,1
DA:50,1
DA:53,2
DA:60,1
DA:63,1
DA:66,1
DA:70,1
DA:73,1
DA:76,1
DA:80,1
DA:83,1
DA:88,1
DA:90,1
DA:91,1
DA:92,1
DA:94,2
DA:95,1
DA:97,3
DA:102,1
LF:37
LH:37
end_of_record
SF:C:\Users\Eduardo\Documents\seedsphere\router\lib\security_middleware.dart
DA:7,1
DA:10,1
DA:12,1
DA:13,1
DA:14,2
DA:15,2
DA:16,2
DA:17,2
DA:18,2
DA:25,1
DA:27,2
DA:31,1
DA:32,2
DA:35,3
DA:36,1
DA:38,2
DA:43,1
DA:44,3
DA:46,2
DA:50,2
DA:51,4
DA:52,0
DA:53,0
DA:58,2
DA:59,0
DA:63,1
DA:65,1
DA:67,2
DA:72,1
DA:73,3
DA:75,1
DA:78,2
DA:79,2
DA:80,2
DA:82,1
DA:88,1
DA:90,1
DA:91,3
DA:92,2
DA:94,1
DA:95,3
DA:99,1
DA:100,1
LF:43
LH:40
end_of_record
SF:C:\Users\Eduardo\Documents\seedsphere\router\lib\swarm_service.dart
DA:12,1
DA:15,0
DA:22,1
DA:27,1
DA:30,2
DA:31,1
DA:33,1
DA:40,1
DA:41,1
DA:42,3
DA:47,1
DA:53,1
DA:57,1
DA:60,1
DA:64,2
DA:68,1
DA:69,2
DA:70,0
DA:73,1
DA:76,1
DA:77,1
DA:78,3
DA:80,1
DA:81,1
DA:82,2
DA:83,1
DA:85,2
DA:87,2
DA:88,0
DA:92,0
DA:94,0
DA:95,0
DA:100,0
DA:102,0
DA:103,0
DA:110,1
DA:112,1
DA:113,1
DA:115,1
DA:116,1
DA:118,0
DA:120,2
DA:126,1
DA:127,1
DA:128,3
DA:129,5
DA:131,1
DA:134,0
DA:135,0
DA:136,0
DA:137,0
DA:139,0
DA:144,1
DA:146,1
DA:147,1
DA:148,1
DA:151,3
DA:156,2
DA:157,2
DA:161,2
DA:162,0
DA:164,0
DA:165,0
DA:166,0
DA:168,0
DA:169,0
DA:170,0
DA:171,0
DA:175,2
DA:176,2
DA:179,2
DA:180,2
DA:181,1
DA:182,1
DA:183,1
DA:184,0
DA:185,0
DA:187,0
DA:200,1
DA:203,1
DA:204,2
DA:205,1
DA:206,1
DA:207,1
DA:208,3
DA:209,1
DA:212,1
DA:213,0
DA:214,0
DA:215,0
DA:216,0
DA:218,0
DA:221,1
DA:222,1
DA:223,1
DA:224,3
DA:225,1
DA:226,1
DA:227,1
DA:229,1
DA:232,2
DA:233,1
DA:234,3
DA:235,1
DA:236,2
DA:237,1
DA:240,1
DA:242,0
DA:245,0
DA:248,1
LF:110
LH:77
end_of_record
SF:C:\Users\Eduardo\Documents\seedsphere\router\lib\task_service.dart
DA:9,1
DA:14,1
DA:15,3
DA:18,5
DA:20,2
DA:28,1
DA:29,2
DA:65,1
DA:67,3
DA:69,1
LF:10
LH:10
end_of_record
