SF:C:\Users\Eduardo\SeedSphere\router\lib\addon_service.dart
DA:20,2
DA:21,1
DA:24,2
DA:25,2
DA:28,4
DA:31,2
DA:33,2
DA:36,2
DA:38,2
DA:42,4
DA:45,4
DA:51,1
DA:55,2
DA:56,1
DA:57,2
DA:58,2
DA:59,1
DA:61,1
DA:63,1
DA:68,4
DA:75,2
DA:76,2
DA:77,2
DA:78,2
DA:79,2
DA:80,2
DA:81,2
DA:85,2
DA:86,4
DA:87,4
DA:88,4
DA:89,4
DA:90,2
DA:91,4
DA:92,2
DA:96,1
DA:98,1
DA:99,0
DA:101,0
DA:102,0
DA:103,0
DA:106,0
DA:107,0
DA:109,0
DA:110,0
DA:115,1
DA:116,1
DA:118,0
DA:122,1
DA:125,1
DA:126,1
DA:128,2
DA:129,2
DA:131,3
DA:134,3
DA:137,3
DA:141,1
DA:142,2
DA:143,2
DA:144,2
DA:145,1
DA:147,2
DA:148,2
DA:149,2
DA:150,1
DA:152,2
DA:153,2
DA:154,2
DA:157,1
DA:158,2
DA:159,2
DA:162,1
DA:166,1
DA:172,2
DA:173,2
DA:176,1
DA:178,2
DA:179,2
DA:181,0
DA:182,0
DA:183,0
DA:184,0
DA:194,2
DA:196,4
DA:197,2
DA:201,6
DA:203,4
DA:204,0
DA:206,4
DA:207,0
DA:216,2
DA:218,2
DA:219,2
DA:220,2
DA:222,1
DA:223,1
DA:224,1
DA:225,1
DA:233,4
DA:234,4
DA:235,4
DA:236,2
DA:238,4
DA:239,2
DA:240,2
DA:241,2
DA:242,4
DA:243,4
DA:244,2
DA:246,2
DA:247,2
DA:249,2
DA:252,2
DA:253,2
DA:254,2
DA:255,2
LF:116
LH:101
end_of_record
SF:C:\Users\Eduardo\SeedSphere\router\lib\db_service.dart
DA:13,0
DA:16,2
DA:17,2
DA:18,2
DA:19,0
DA:21,2
DA:22,4
DA:25,4
DA:26,4
DA:29,6
DA:35,1
DA:36,1
DA:38,2
DA:40,3
DA:50,1
DA:51,2
DA:59,2
DA:68,1
DA:71,0
DA:79,0
DA:85,1
DA:87,2
DA:89,1
DA:91,4
DA:95,1
DA:96,3
DA:97,4
DA:101,2
DA:108,2
DA:109,4
DA:110,2
DA:113,4
DA:115,2
DA:122,2
DA:123,4
DA:126,4
DA:127,2
DA:128,1
DA:129,4
DA:130,1
DA:137,1
DA:138,2
DA:139,2
DA:142,2
DA:144,1
DA:145,2
DA:146,1
DA:147,1
DA:148,1
DA:152,1
DA:156,2
DA:157,6
DA:161,2
DA:164,2
DA:165,4
DA:168,4
DA:169,2
DA:170,2
DA:174,2
DA:175,4
DA:178,4
DA:182,4
DA:187,2
DA:188,4
DA:189,4
DA:195,2
DA:200,1
DA:201,2
DA:202,3
DA:209,0
DA:210,0
DA:211,0
DA:217,0
DA:222,1
DA:223,2
DA:224,1
DA:225,2
DA:227,1
DA:232,1
DA:233,2
DA:236,2
DA:237,1
DA:238,1
DA:239,4
DA:244,1
DA:245,3
DA:249,1
DA:250,2
DA:253,2
DA:254,1
DA:255,2
DA:259,1
DA:260,2
DA:261,2
DA:267,1
DA:272,1
DA:273,2
DA:276,2
DA:277,1
DA:281,2
DA:282,2
DA:283,2
DA:284,4
DA:286,4
DA:287,2
DA:292,1
DA:293,2
DA:295,1
DA:296,1
DA:299,2
DA:302,4
DA:305,4
DA:308,5
DA:309,4
DA:313,6
DA:316,1
DA:317,1
DA:318,1
DA:319,2
DA:320,2
DA:324,1
DA:325,1
DA:326,1
DA:327,2
DA:328,2
DA:332,1
DA:333,1
DA:336,2
DA:338,1
DA:340,1
DA:343,2
DA:345,1
DA:347,1
DA:350,1
DA:351,4
DA:355,1
DA:356,2
DA:357,1
DA:358,1
DA:361,1
DA:365,0
DA:366,0
DA:368,0
DA:370,0
DA:371,0
DA:375,1
DA:376,2
DA:378,1
DA:380,3
DA:381,3
DA:385,1
DA:386,1
DA:389,3
DA:392,1
DA:393,2
DA:396,2
DA:402,1
DA:403,1
DA:404,0
DA:407,0
DA:408,0
DA:414,1
DA:415,0
DA:424,1
DA:425,2
DA:426,2
DA:429,2
DA:431,1
DA:432,1
DA:434,2
DA:435,0
DA:440,2
DA:441,1
DA:448,1
DA:449,2
DA:450,4
DA:452,2
DA:457,2
DA:462,0
DA:463,0
DA:464,0
DA:465,0
DA:475,1
DA:476,2
DA:477,2
DA:478,1
DA:480,2
DA:481,1
DA:484,2
DA:487,2
DA:488,1
DA:490,0
DA:491,0
DA:492,0
DA:498,1
DA:505,2
DA:511,4
DA:516,1
DA:517,2
DA:518,1
DA:519,0
DA:520,0
DA:521,0
DA:525,1
DA:528,4
DA:537,2
DA:542,1
DA:544,2
DA:545,2
DA:547,1
DA:548,3
DA:550,3
DA:555,1
DA:556,2
DA:557,1
DA:558,0
DA:559,0
DA:560,0
DA:566,1
DA:569,3
DA:570,1
DA:576,1
DA:578,3
DA:580,1
DA:582,3
DA:584,3
DA:588,2
DA:589,4
DA:591,2
DA:596,0
DA:597,0
DA:599,0
DA:604,1
DA:605,2
DA:607,1
DA:608,0
DA:611,2
LF:237
LH:202
end_of_record
SF:C:\Users\Eduardo\SeedSphere\router\lib\scraper_service.dart
DA:23,3
DA:28,3
DA:29,3
DA:31,2
DA:34,2
DA:35,2
DA:37,6
DA:41,2
DA:42,6
DA:43,2
DA:44,2
DA:45,2
DA:47,4
DA:49,4
DA:50,2
DA:51,2
DA:54,2
DA:63,0
DA:68,0
DA:74,2
DA:85,2
DA:86,1
DA:87,3
DA:92,4
DA:95,3
DA:108,2
DA:109,2
DA:112,5
DA:113,2
DA:116,2
DA:117,3
DA:119,3
DA:120,1
DA:122,1
DA:125,1
DA:126,1
DA:127,2
DA:129,2
DA:133,4
DA:136,2
DA:139,0
DA:140,0
DA:141,0
DA:142,0
DA:143,0
DA:144,0
DA:145,0
DA:146,0
DA:147,0
DA:148,0
DA:149,0
DA:151,0
DA:152,0
DA:156,0
DA:157,0
DA:158,0
DA:159,0
DA:163,0
DA:167,2
DA:171,1
DA:172,1
LF:61
LH:41
end_of_record
SF:C:\Users\Eduardo\SeedSphere\router\lib\core\metadata_normalizer.dart
DA:40,2
DA:55,2
DA:56,2
DA:57,2
DA:58,3
DA:59,2
DA:60,2
DA:61,2
DA:62,3
DA:63,3
DA:64,1
DA:65,4
DA:66,3
DA:80,6
DA:81,6
DA:82,6
DA:84,6
DA:88,6
DA:89,6
DA:91,6
DA:96,6
DA:102,2
DA:103,3
DA:104,2
DA:107,6
DA:109,4
DA:110,0
DA:113,2
DA:115,2
DA:117,3
DA:118,3
DA:119,2
DA:121,4
DA:122,2
DA:123,2
DA:124,2
DA:125,2
DA:130,2
DA:131,2
DA:133,2
DA:134,2
DA:135,2
DA:138,2
DA:139,2
DA:140,2
DA:144,2
DA:145,4
DA:146,4
DA:147,4
DA:151,2
DA:152,4
DA:153,4
DA:154,4
DA:158,2
DA:160,4
DA:162,6
DA:167,2
DA:175,5
DA:179,6
DA:180,6
DA:181,1
DA:183,6
DA:184,0
DA:186,6
DA:187,0
DA:189,5
DA:190,5
DA:191,6
DA:192,0
DA:194,4
DA:195,4
DA:196,5
DA:197,4
DA:199,2
DA:202,2
DA:204,1
DA:205,0
DA:209,2
DA:210,4
DA:214,4
DA:215,4
DA:218,2
DA:219,0
DA:220,2
DA:221,4
DA:222,1
DA:223,1
DA:226,4
LF:88
LH:82
end_of_record
SF:C:\Users\Eduardo\SeedSphere\router\lib\core\rate_limiter.dart
DA:18,10
DA:25,4
DA:27,4
DA:28,12
DA:30,16
DA:31,8
DA:35,2
DA:36,2
LF:8
LH:8
end_of_record
SF:C:\Users\Eduardo\SeedSphere\router\lib\core\title_verifier.dart
DA:4,5
DA:11,5
DA:12,5
DA:14,5
DA:15,2
DA:18,10
DA:26,3
DA:28,3
DA:29,3
DA:30,3
DA:31,6
DA:32,3
DA:37,3
DA:38,6
DA:41,2
DA:46,1
DA:47,1
DA:48,1
DA:49,2
DA:53,0
DA:54,0
DA:63,2
DA:64,2
DA:68,2
DA:69,2
DA:74,0
DA:75,0
DA:76,0
DA:77,0
DA:81,0
DA:82,0
DA:86,2
DA:87,2
DA:88,0
DA:89,0
DA:93,2
DA:94,4
DA:104,3
DA:105,3
DA:106,2
DA:107,4
DA:113,2
DA:115,2
DA:116,2
DA:119,2
DA:120,4
DA:121,2
DA:125,2
DA:126,2
DA:129,4
DA:132,1
DA:133,2
DA:141,4
DA:143,4
DA:148,4
DA:152,8
DA:153,4
DA:157,8
DA:158,2
DA:162,4
DA:164,2
DA:171,5
DA:173,5
DA:174,10
DA:175,10
DA:176,5
DA:179,5
DA:180,5
DA:181,20
DA:184,5
DA:185,15
DA:186,5
DA:188,10
DA:189,5
DA:194,4
DA:195,4
DA:196,8
DA:198,4
DA:199,18
DA:200,8
DA:203,4
DA:204,4
DA:205,4
DA:207,4
DA:208,4
DA:210,4
DA:211,4
DA:212,12
DA:215,8
DA:216,8
DA:218,8
DA:219,8
DA:222,8
DA:223,8
DA:224,20
DA:225,12
DA:226,16
DA:227,16
DA:228,20
DA:229,12
DA:233,8
LF:101
LH:91
end_of_record
SF:C:\Users\Eduardo\SeedSphere\router\lib\core\user_agent_rotator.dart
DA:5,30
DA:27,50
DA:30,1
DA:31,3
LF:4
LH:4
end_of_record
SF:C:\Users\Eduardo\SeedSphere\router\lib\scrapers\anidex_scraper.dart
DA:10,4
DA:11,3
DA:12,4
DA:14,3
DA:22,3
DA:23,2
DA:24,1
DA:26,3
DA:27,2
DA:29,1
DA:30,2
DA:31,1
DA:32,2
DA:34,2
DA:35,1
DA:36,1
DA:37,2
DA:38,1
DA:39,1
DA:44,1
DA:46,1
DA:50,3
DA:55,3
DA:56,3
DA:57,6
DA:58,3
DA:59,6
DA:60,4
DA:61,8
DA:67,1
DA:69,1
DA:73,2
DA:74,3
DA:76,1
DA:79,1
DA:80,2
DA:81,2
LF:37
LH:37
end_of_record
SF:C:\Users\Eduardo\SeedSphere\router\lib\scrapers\scraper_engine.dart
DA:39,9
DA:44,18
DA:45,9
DA:49,9
DA:50,18
DA:54,8
DA:66,9
DA:78,3
DA:81,3
DA:82,3
DA:83,3
DA:84,3
DA:85,3
DA:86,3
DA:87,3
DA:88,3
DA:89,3
DA:90,3
DA:91,3
DA:92,3
DA:93,3
DA:94,3
DA:95,3
DA:96,3
DA:108,2
DA:112,2
DA:113,2
DA:114,2
DA:115,2
DA:117,2
DA:119,3
DA:122,4
DA:125,3
DA:126,2
DA:129,2
DA:131,2
DA:132,6
LF:37
LH:37
end_of_record
SF:C:\Users\Eduardo\SeedSphere\router\lib\scrapers\eztv_scraper.dart
DA:10,4
DA:11,3
DA:12,4
DA:14,3
DA:22,9
DA:23,3
DA:24,6
DA:25,3
DA:27,6
DA:29,6
DA:30,3
DA:32,3
DA:34,2
DA:35,1
DA:36,1
DA:37,2
DA:38,1
DA:39,1
DA:41,1
DA:42,1
DA:43,1
DA:44,1
DA:52,0
LF:23
LH:22
end_of_record
SF:C:\Users\Eduardo\SeedSphere\router\lib\scrapers\magnetdl_scraper.dart
DA:10,4
DA:11,3
DA:12,4
DA:14,3
DA:20,3
DA:21,3
DA:22,2
DA:24,1
DA:25,2
DA:27,2
DA:28,2
DA:29,2
DA:31,1
DA:32,2
DA:33,1
DA:34,2
DA:36,2
DA:37,1
DA:38,1
DA:39,2
DA:41,1
DA:46,1
DA:48,0
DA:52,3
DA:57,3
DA:58,3
DA:59,6
DA:60,3
DA:61,6
DA:62,4
DA:63,5
DA:69,1
DA:71,1
DA:75,2
DA:76,3
DA:78,1
DA:81,1
DA:82,2
DA:83,2
LF:39
LH:38
end_of_record
SF:C:\Users\Eduardo\SeedSphere\router\lib\scrapers\nyaa_scraper.dart
DA:10,4
DA:11,3
DA:12,4
DA:14,3
DA:32,3
DA:33,2
DA:35,1
DA:37,4
DA:38,4
DA:40,2
DA:41,4
DA:42,2
DA:44,4
DA:46,4
DA:48,6
DA:49,2
DA:50,2
DA:51,2
DA:56,2
DA:58,0
DA:62,3
DA:67,3
DA:68,3
DA:69,6
DA:70,3
DA:72,6
DA:74,4
DA:75,2
DA:79,2
DA:80,3
DA:81,2
DA:88,2
DA:90,2
DA:95,4
DA:96,2
DA:97,2
DA:98,2
DA:102,2
DA:105,2
DA:106,4
DA:107,4
LF:41
LH:40
end_of_record
SF:C:\Users\Eduardo\SeedSphere\router\lib\scrapers\piratebay_scraper.dart
DA:11,4
DA:12,3
DA:13,4
DA:19,3
DA:25,3
DA:26,3
DA:27,3
DA:28,3
DA:31,2
DA:32,2
DA:33,6
DA:35,2
DA:37,4
DA:39,2
DA:40,2
DA:41,2
DA:42,2
DA:43,4
DA:45,2
DA:47,4
DA:50,2
DA:51,8
DA:52,0
DA:55,2
DA:58,2
DA:60,3
DA:61,1
DA:65,1
DA:67,1
DA:70,1
DA:72,2
DA:73,1
DA:77,1
DA:83,2
DA:94,4
DA:96,0
DA:101,2
DA:102,2
DA:106,2
DA:108,4
DA:111,2
DA:113,2
DA:116,1
DA:119,1
DA:121,1
DA:124,2
DA:130,3
DA:135,3
DA:136,3
DA:137,6
DA:138,3
DA:140,6
DA:142,4
DA:143,2
DA:147,2
DA:148,3
DA:149,2
DA:156,1
DA:157,2
DA:158,2
DA:161,1
DA:162,2
DA:163,1
LF:63
LH:61
end_of_record
SF:C:\Users\Eduardo\SeedSphere\router\lib\scrapers\rutor_scraper.dart
DA:10,4
DA:11,3
DA:12,4
DA:14,3
DA:20,3
DA:21,3
DA:22,2
DA:24,2
DA:25,2
DA:27,1
DA:28,2
DA:29,1
DA:30,2
DA:32,2
DA:33,1
DA:34,1
DA:35,2
DA:36,1
DA:37,1
DA:42,1
DA:44,0
DA:48,3
DA:53,3
DA:54,3
DA:55,6
DA:56,3
DA:57,6
DA:58,4
DA:59,5
DA:65,1
DA:67,1
DA:71,2
DA:72,3
DA:74,1
DA:77,1
DA:78,2
DA:79,2
LF:37
LH:36
end_of_record
SF:C:\Users\Eduardo\SeedSphere\router\lib\scrapers\x1337_scraper.dart
DA:16,8
DA:21,4
DA:22,3
DA:23,4
DA:25,4
DA:29,4
DA:30,2
DA:34,3
DA:40,4
DA:43,3
DA:44,3
DA:45,2
DA:46,2
DA:50,1
DA:51,1
DA:53,2
DA:54,6
DA:57,2
DA:60,2
DA:61,4
DA:63,2
DA:64,2
DA:65,6
DA:66,2
DA:69,8
DA:70,0
DA:71,0
DA:72,0
DA:73,0
DA:74,0
DA:75,0
DA:78,4
DA:80,0
DA:82,0
DA:86,4
DA:88,3
DA:94,3
DA:95,1
DA:99,1
DA:103,2
DA:104,2
DA:107,1
DA:108,2
DA:112,3
DA:115,1
DA:116,2
DA:118,1
DA:119,5
DA:120,1
DA:122,2
DA:124,2
DA:129,1
DA:130,1
DA:131,1
DA:133,1
DA:134,1
DA:139,1
DA:140,1
DA:141,0
DA:148,1
DA:149,1
DA:163,2
DA:165,0
DA:166,0
DA:171,2
DA:172,2
DA:174,2
DA:176,3
DA:177,1
DA:178,1
DA:182,1
DA:183,1
DA:189,1
DA:190,1
DA:194,2
DA:198,3
DA:203,3
DA:204,3
DA:205,6
DA:206,3
DA:208,6
DA:210,4
DA:211,2
DA:215,2
DA:216,3
DA:217,2
DA:224,1
DA:225,2
DA:226,2
DA:229,1
DA:230,2
DA:231,1
LF:92
LH:81
end_of_record
SF:C:\Users\Eduardo\SeedSphere\router\lib\scrapers\torrentgalaxy_scraper.dart
DA:17,4
DA:18,3
DA:19,4
DA:21,3
DA:27,3
DA:28,3
DA:29,2
DA:31,2
DA:33,2
DA:35,1
DA:36,2
DA:37,1
DA:39,2
DA:41,2
DA:43,3
DA:44,1
DA:45,1
DA:46,1
DA:50,1
DA:52,0
DA:58,3
DA:63,3
DA:64,3
DA:65,6
DA:66,3
DA:67,6
DA:68,4
DA:69,5
DA:75,1
DA:77,1
DA:81,2
DA:82,3
DA:84,1
DA:87,1
DA:88,2
DA:89,2
LF:36
LH:35
end_of_record
SF:C:\Users\Eduardo\SeedSphere\router\lib\scrapers\torlock_scraper.dart
DA:10,4
DA:11,3
DA:12,4
DA:14,3
DA:20,3
DA:21,3
DA:22,2
DA:24,2
DA:25,2
DA:27,1
DA:28,2
DA:29,1
DA:30,2
DA:32,2
DA:33,1
DA:34,1
DA:35,2
DA:36,1
DA:37,1
DA:42,1
DA:44,0
DA:48,3
DA:53,3
DA:54,3
DA:55,6
DA:56,3
DA:57,6
DA:58,4
DA:59,5
DA:65,1
DA:69,1
DA:73,2
DA:74,3
DA:76,1
DA:79,1
DA:80,2
DA:81,2
LF:37
LH:36
end_of_record
SF:C:\Users\Eduardo\SeedSphere\router\lib\scrapers\tokyotosho_scraper.dart
DA:10,4
DA:11,3
DA:12,4
DA:14,3
DA:21,3
DA:22,2
DA:23,1
DA:25,3
DA:27,2
DA:29,1
DA:30,2
DA:31,1
DA:32,2
DA:34,2
DA:35,1
DA:36,1
DA:37,2
DA:38,1
DA:39,1
DA:44,1
DA:46,1
DA:50,3
DA:55,3
DA:56,3
DA:57,6
DA:58,3
DA:59,6
DA:60,4
DA:61,8
DA:67,1
DA:69,1
DA:73,2
DA:74,3
DA:76,1
DA:79,1
DA:80,2
DA:81,2
LF:37
LH:37
end_of_record
SF:C:\Users\Eduardo\SeedSphere\router\lib\scrapers\zooqle_scraper.dart
DA:10,4
DA:11,3
DA:12,4
DA:14,3
DA:20,3
DA:21,3
DA:22,2
DA:24,2
DA:25,2
DA:27,1
DA:28,2
DA:29,1
DA:30,2
DA:32,2
DA:33,1
DA:34,1
DA:35,2
DA:36,1
DA:37,1
DA:42,1
DA:44,0
DA:48,3
DA:53,3
DA:54,3
DA:55,6
DA:56,3
DA:57,6
DA:58,4
DA:59,5
DA:65,1
DA:67,1
DA:71,2
DA:72,3
DA:74,1
DA:77,1
DA:78,2
DA:79,2
LF:37
LH:36
end_of_record
SF:C:\Users\Eduardo\SeedSphere\router\lib\scrapers\torrentio_scraper.dart
DA:22,3
DA:23,3
DA:24,3
DA:37,2
DA:42,4
DA:43,6
DA:46,4
DA:48,4
DA:49,2
DA:52,2
DA:53,3
DA:55,1
DA:59,2
DA:61,2
DA:64,2
DA:66,1
DA:67,1
LF:17
LH:17
end_of_record
SF:C:\Users\Eduardo\SeedSphere\router\lib\scrapers\yts_scraper.dart
DA:21,4
DA:22,3
DA:23,4
DA:36,3
DA:41,6
DA:42,3
DA:43,6
DA:44,6
DA:47,2
DA:49,2
DA:50,1
DA:53,3
DA:54,3
DA:55,2
DA:56,2
DA:58,4
DA:59,1
DA:60,1
DA:61,1
LF:19
LH:19
end_of_record
SF:C:\Users\Eduardo\SeedSphere\router\lib\boost_service.dart
DA:21,2
DA:26,4
DA:29,2
DA:30,2
DA:31,2
DA:32,2
DA:33,2
DA:34,1
DA:45,6
DA:48,4
DA:50,2
DA:53,2
DA:59,2
DA:66,4
DA:67,6
DA:68,2
DA:71,4
DA:75,1
DA:76,5
DA:80,3
DA:83,0
DA:84,0
LF:22
LH:20
end_of_record
SF:C:\Users\Eduardo\SeedSphere\router\lib\core\debug_config.dart
DA:16,0
DA:17,0
DA:20,0
LF:3
LH:0
end_of_record
SF:C:\Users\Eduardo\SeedSphere\router\lib\crypto_helper.dart
DA:13,3
DA:14,3
DA:16,1
DA:17,1
DA:20,1
DA:21,1
DA:22,1
DA:23,3
DA:31,1
DA:32,1
DA:34,1
DA:35,1
DA:37,2
DA:40,2
DA:42,2
DA:43,1
DA:48,1
DA:49,1
DA:50,3
DA:51,3
DA:52,3
DA:56,1
DA:57,2
DA:58,2
DA:59,3
DA:60,2
DA:61,3
DA:62,3
DA:64,1
DA:66,0
DA:67,0
DA:74,1
DA:75,1
DA:77,1
DA:81,4
DA:82,1
DA:86,2
DA:87,1
DA:88,2
DA:89,1
DA:90,3
DA:91,3
DA:93,1
DA:94,2
DA:98,2
DA:100,2
DA:105,1
DA:107,3
DA:108,1
DA:112,1
DA:113,1
DA:114,1
DA:116,1
DA:118,2
DA:119,1
DA:123,1
DA:124,1
LF:57
LH:55
end_of_record
SF:C:\Users\Eduardo\SeedSphere\router\lib\services\migration_manager.dart
DA:8,2
DA:11,2
DA:13,2
DA:14,2
DA:16,2
DA:17,2
DA:19,2
DA:20,2
DA:23,0
DA:24,0
DA:29,2
DA:30,4
DA:38,2
DA:39,4
DA:40,6
DA:41,0
DA:44,2
DA:45,6
DA:47,4
DA:52,2
DA:53,2
DA:54,2
DA:150,4
DA:151,4
DA:153,2
DA:157,2
DA:158,2
DA:160,4
DA:163,0
DA:165,2
LF:30
LH:26
end_of_record
SF:C:\Users\Eduardo\SeedSphere\router\lib\event_service.dart
DA:13,1
DA:15,2
DA:16,1
DA:19,1
DA:20,4
DA:24,1
DA:25,0
DA:26,0
DA:28,0
DA:32,2
DA:34,2
DA:35,1
DA:38,1
DA:39,3
DA:40,3
DA:41,2
DA:43,1
DA:47,1
DA:48,3
DA:51,3
DA:54,1
DA:58,0
DA:59,0
DA:63,1
DA:64,2
DA:65,2
DA:66,3
DA:67,0
DA:68,2
DA:69,1
DA:72,5
DA:75,2
DA:76,1
DA:84,0
DA:85,0
DA:86,0
DA:87,0
DA:93,0
LF:38
LH:27
end_of_record
SF:C:\Users\Eduardo\SeedSphere\router\lib\health_service.dart
DA:16,3
DA:22,2
DA:23,2
DA:24,4
DA:25,2
DA:26,4
DA:31,2
DA:34,4
DA:35,3
DA:39,4
DA:41,0
DA:42,2
DA:43,4
DA:44,2
DA:46,0
DA:52,6
DA:56,1
DA:58,1
DA:59,1
DA:65,2
DA:67,5
DA:68,4
DA:74,6
DA:75,8
DA:81,0
DA:83,0
DA:84,0
DA:85,0
DA:87,0
DA:88,0
DA:89,0
DA:90,0
DA:91,0
DA:92,0
DA:94,0
DA:96,0
DA:97,0
DA:98,0
DA:99,0
DA:100,0
DA:101,0
DA:102,0
DA:104,0
DA:105,0
DA:106,0
DA:107,0
DA:113,0
DA:114,0
DA:116,0
DA:117,0
DA:121,0
DA:122,0
DA:131,1
DA:136,1
DA:137,2
DA:139,2
DA:140,1
DA:144,1
DA:147,2
DA:150,2
DA:153,4
DA:154,1
DA:157,2
DA:158,1
DA:159,0
DA:163,4
DA:166,1
DA:169,2
DA:170,1
DA:171,0
DA:172,0
DA:175,0
DA:181,2
DA:182,1
DA:183,1
DA:187,1
DA:188,1
DA:189,1
DA:198,2
DA:200,2
DA:201,4
DA:202,4
DA:204,6
DA:208,6
DA:212,6
DA:213,6
DA:214,6
DA:218,6
DA:222,6
DA:227,2
DA:231,2
DA:245,2
LF:92
LH:58
end_of_record
SF:C:\Users\Eduardo\SeedSphere\router\lib\models\ai_models.dart
DA:34,1
DA:35,1
DA:36,4
DA:37,1
DA:98,3
DA:119,2
DA:120,1
DA:121,1
DA:122,1
DA:123,1
DA:124,1
DA:125,1
DA:126,1
DA:127,1
DA:128,1
DA:129,1
DA:130,1
DA:131,1
DA:132,2
DA:133,1
DA:134,1
DA:153,3
DA:161,3
DA:165,3
DA:173,3
DA:174,3
LF:26
LH:26
end_of_record
SF:C:\Users\Eduardo\SeedSphere\router\lib\tracker_service.dart
DA:21,2
DA:24,1
DA:26,2
DA:27,4
DA:30,2
DA:33,1
DA:35,1
DA:36,0
DA:37,0
DA:40,0
DA:48,0
DA:50,0
DA:51,0
DA:52,0
DA:53,0
DA:54,0
DA:55,0
DA:56,0
DA:57,0
DA:62,0
DA:63,0
DA:64,0
DA:69,0
DA:70,0
DA:74,0
DA:79,2
DA:80,4
DA:84,2
DA:85,4
DA:89,2
DA:90,6
DA:91,4
DA:92,2
DA:93,2
DA:94,2
DA:97,4
DA:108,2
DA:110,4
DA:111,4
DA:115,2
DA:118,2
DA:119,2
DA:121,2
DA:123,3
DA:124,3
DA:132,2
DA:133,4
DA:134,2
DA:135,2
DA:136,1
DA:140,2
DA:146,2
DA:148,2
DA:149,2
DA:150,2
DA:151,4
DA:153,2
DA:154,2
DA:155,2
DA:156,2
DA:157,2
DA:158,2
DA:159,1
DA:160,1
DA:161,1
DA:162,0
DA:163,0
DA:165,0
DA:166,0
DA:167,0
DA:168,0
DA:169,0
DA:170,0
DA:171,0
DA:172,0
DA:173,0
DA:185,0
DA:186,0
DA:187,0
DA:188,0
DA:189,0
DA:192,0
DA:193,0
DA:194,0
DA:195,0
DA:198,0
DA:199,0
DA:200,0
DA:201,0
DA:203,0
DA:206,0
DA:210,1
DA:211,1
DA:213,0
DA:214,0
DA:218,0
DA:219,0
DA:223,0
DA:224,0
DA:225,0
DA:226,0
DA:227,0
DA:229,0
DA:231,0
DA:237,0
DA:238,0
DA:241,0
DA:242,0
DA:248,0
DA:251,0
DA:253,0
DA:257,0
DA:262,0
DA:266,0
DA:268,0
DA:271,0
LF:116
LH:49
end_of_record
SF:C:\Users\Eduardo\SeedSphere\router\lib\services\ai_service.dart
DA:14,5
DA:15,5
DA:16,3
DA:19,2
DA:23,4
DA:25,1
DA:29,2
DA:32,2
DA:37,2
DA:38,2
DA:39,2
DA:41,2
DA:43,2
DA:45,2
DA:46,1
DA:48,1
DA:50,1
DA:52,1
DA:53,1
DA:55,1
DA:57,1
DA:59,1
DA:60,1
DA:62,1
DA:64,1
DA:66,1
DA:67,0
DA:69,0
DA:71,0
DA:73,1
DA:74,0
DA:76,0
DA:78,0
DA:80,1
DA:81,0
DA:83,0
DA:85,0
DA:87,1
DA:88,1
DA:90,1
DA:92,1
DA:96,2
DA:99,2
DA:100,1
DA:104,4
DA:106,2
DA:110,2
DA:111,2
DA:112,6
DA:114,2
DA:115,0
DA:117,2
DA:118,0
DA:121,2
DA:122,2
DA:123,2
DA:124,2
DA:125,2
DA:126,6
DA:127,2
DA:128,0
DA:131,2
DA:132,0
DA:134,2
DA:135,0
DA:137,2
DA:138,0
DA:140,2
DA:141,0
DA:143,2
DA:144,0
DA:149,4
DA:153,2
DA:159,2
DA:169,1
DA:175,0
DA:178,0
DA:188,0
DA:194,0
DA:197,0
DA:207,0
DA:213,0
DA:216,0
DA:226,0
DA:232,0
DA:236,0
DA:247,2
DA:254,4
DA:256,2
DA:257,2
DA:262,2
DA:263,2
DA:264,2
DA:265,2
DA:267,2
DA:271,4
DA:273,4
DA:274,4
DA:277,4
DA:278,2
DA:279,2
DA:281,4
DA:282,2
DA:283,2
DA:287,1
DA:293,1
DA:297,2
DA:301,1
DA:302,1
DA:306,1
DA:307,1
DA:308,1
DA:309,1
DA:316,2
DA:318,2
DA:319,0
DA:322,2
DA:323,1
DA:324,1
DA:326,2
DA:327,1
DA:331,1
DA:337,1
DA:342,1
DA:344,2
DA:345,1
DA:346,1
DA:348,1
DA:349,1
DA:353,1
DA:354,1
DA:357,1
DA:358,1
DA:359,1
DA:360,1
DA:363,2
DA:365,2
DA:366,0
DA:369,2
DA:370,1
DA:371,1
DA:373,2
DA:374,1
DA:375,1
DA:377,2
DA:378,1
DA:382,1
DA:388,1
DA:392,2
DA:399,1
DA:400,1
DA:401,1
DA:402,1
DA:404,1
DA:408,2
DA:410,2
DA:411,0
DA:414,2
DA:415,1
DA:416,1
DA:420,0
DA:423,0
LF:162
LH:129
end_of_record
SF:C:\Users\Eduardo\SeedSphere\router\lib\services\ai_cache.dart
DA:12,5
DA:15,2
DA:16,2
DA:17,4
DA:20,4
DA:24,4
DA:25,2
DA:26,2
DA:27,2
DA:31,2
DA:32,1
DA:36,2
DA:37,2
DA:38,6
DA:40,4
DA:41,2
DA:46,1
DA:47,2
DA:51,2
DA:52,2
DA:53,1
DA:54,1
DA:64,2
DA:67,2
DA:68,2
DA:69,4
DA:70,2
DA:71,2
DA:72,2
DA:73,2
DA:74,2
DA:75,2
DA:76,2
DA:77,2
DA:78,2
DA:80,2
DA:83,0
DA:93,2
LF:38
LH:37
end_of_record
SF:C:\Users\Eduardo\SeedSphere\router\lib\auth_service.dart
DA:23,6
DA:27,2
DA:35,6
DA:37,2
DA:39,2
DA:40,1
DA:42,2
DA:43,4
DA:46,2
DA:47,6
DA:48,2
DA:55,1
DA:57,2
DA:61,2
DA:62,2
DA:65,4
DA:66,4
DA:67,4
DA:70,4
DA:71,4
DA:74,4
DA:75,4
DA:76,4
DA:77,4
DA:80,4
DA:81,4
DA:82,4
DA:83,4
DA:86,4
DA:87,4
DA:92,0
DA:93,0
DA:94,0
DA:97,0
DA:98,0
DA:99,0
DA:107,0
DA:108,0
DA:112,1
DA:114,1
DA:115,1
DA:116,1
DA:119,0
DA:120,0
DA:125,1
DA:126,2
DA:127,0
DA:128,0
DA:132,1
DA:133,4
DA:136,1
DA:137,1
DA:138,1
DA:141,1
DA:142,1
DA:143,2
DA:145,2
DA:147,2
DA:153,1
DA:155,0
DA:157,0
DA:158,0
DA:162,1
DA:163,2
DA:170,1
DA:171,3
DA:172,1
DA:175,6
DA:179,1
DA:180,1
DA:183,2
DA:184,2
DA:186,0
DA:191,1
DA:192,2
DA:193,1
DA:194,1
DA:195,2
DA:197,1
DA:199,1
DA:202,0
DA:203,0
DA:208,0
DA:209,0
DA:210,0
DA:212,0
DA:213,0
DA:216,0
DA:219,0
DA:220,0
DA:221,0
DA:223,0
DA:224,0
DA:230,0
DA:231,0
DA:232,0
DA:236,0
DA:237,0
DA:239,0
DA:243,0
DA:244,0
DA:245,0
DA:247,0
DA:248,0
DA:251,0
DA:252,0
DA:253,0
DA:256,0
DA:257,0
DA:260,0
DA:262,0
DA:265,0
DA:271,0
DA:275,0
DA:277,0
DA:278,0
DA:279,0
DA:281,0
DA:282,0
DA:285,0
DA:286,0
DA:287,0
DA:290,0
DA:292,0
DA:296,0
DA:297,0
DA:300,0
DA:303,0
DA:309,0
DA:310,0
DA:317,0
DA:319,0
DA:320,0
DA:321,0
DA:326,0
DA:327,0
DA:328,0
DA:331,0
DA:332,0
DA:333,0
DA:334,0
DA:336,0
DA:339,0
DA:345,0
DA:349,0
DA:350,0
DA:352,0
DA:355,0
DA:359,0
DA:362,0
DA:363,0
DA:369,0
DA:370,0
DA:371,0
DA:373,0
DA:375,0
DA:379,0
DA:381,0
DA:382,0
DA:383,0
DA:384,0
DA:385,0
DA:387,0
DA:392,1
DA:393,1
DA:398,1
DA:399,1
DA:401,3
DA:404,1
DA:405,3
DA:409,1
DA:410,1
DA:411,2
DA:412,3
DA:414,0
DA:418,0
DA:419,0
DA:421,0
DA:425,0
DA:426,0
DA:429,1
DA:430,1
DA:432,0
DA:435,1
DA:436,3
DA:439,0
DA:440,0
DA:443,1
DA:444,1
DA:446,0
DA:449,1
DA:450,3
DA:453,0
DA:454,0
DA:457,0
DA:458,0
DA:460,0
DA:463,0
DA:464,0
DA:467,0
DA:468,0
DA:470,0
DA:473,0
DA:474,0
DA:477,1
DA:478,1
DA:480,0
DA:484,2
DA:487,1
DA:489,6
DA:490,1
DA:492,3
DA:495,0
DA:496,0
DA:498,0
DA:501,0
DA:502,0
DA:507,0
DA:509,0
DA:512,0
DA:513,0
DA:516,0
DA:517,0
DA:522,0
DA:523,0
DA:524,0
DA:525,0
DA:528,0
DA:530,0
DA:531,0
DA:532,0
DA:535,0
DA:539,0
DA:540,0
DA:543,0
DA:544,0
DA:547,0
DA:549,0
DA:550,0
DA:551,0
DA:554,0
DA:557,1
DA:558,1
DA:560,2
DA:563,1
DA:564,2
DA:565,1
DA:572,2
DA:574,2
DA:576,4
DA:577,2
DA:581,2
DA:582,0
DA:583,0
DA:584,0
DA:585,0
DA:591,2
DA:592,4
DA:595,8
DA:596,4
DA:597,2
DA:598,4
DA:605,0
DA:607,0
DA:608,0
LF:265
LH:107
end_of_record
SF:C:\Users\Eduardo\SeedSphere\router\lib\mailer_service.dart
DA:22,0
DA:27,0
DA:38,1
DA:46,1
DA:60,1
DA:66,1
DA:67,4
DA:68,2
DA:69,1
DA:72,1
DA:74,1
DA:78,3
DA:81,3
DA:90,1
DA:95,1
DA:103,1
DA:104,1
DA:106,1
DA:109,1
DA:110,1
DA:111,1
DA:112,1
DA:191,1
DA:200,1
DA:205,2
DA:208,1
DA:213,0
DA:216,0
DA:221,0
DA:224,0
DA:227,0
LF:31
LH:24
end_of_record
SF:C:\Users\Eduardo\SeedSphere\router\lib\linking_service.dart
DA:13,2
DA:21,2
DA:22,10
DA:25,4
DA:26,4
DA:28,6
DA:30,2
DA:46,2
DA:47,6
DA:48,4
DA:51,2
DA:54,4
DA:55,4
DA:56,4
DA:60,8
DA:61,2
DA:63,4
DA:64,4
DA:65,4
DA:67,2
DA:81,1
DA:83,2
DA:89,2
DA:90,2
DA:91,2
DA:94,4
DA:95,1
DA:97,2
DA:98,2
LF:29
LH:29
end_of_record
SF:C:\Users\Eduardo\SeedSphere\router\lib\services\distributed_scraper_service.dart
DA:15,1
DA:22,1
DA:24,1
DA:31,2
DA:34,2
DA:36,2
DA:46,1
DA:53,2
DA:54,1
DA:55,2
DA:63,2
DA:64,1
DA:65,2
DA:66,1
DA:67,1
DA:76,2
DA:77,1
DA:84,0
DA:85,0
DA:89,0
DA:109,0
DA:111,0
DA:118,0
DA:123,0
DA:126,0
DA:127,0
DA:128,0
DA:135,1
DA:142,1
DA:143,2
DA:147,0
DA:152,2
DA:154,1
DA:155,0
DA:156,0
DA:162,1
DA:163,1
DA:174,0
DA:175,0
DA:177,0
DA:178,0
DA:180,0
DA:182,0
DA:185,0
DA:189,0
DA:194,0
DA:195,0
DA:199,0
DA:200,0
DA:201,0
DA:202,0
DA:215,3
DA:218,1
DA:219,2
DA:220,0
DA:221,0
DA:225,1
DA:226,1
DA:227,1
DA:228,1
DA:229,2
DA:230,1
DA:231,1
LF:63
LH:34
end_of_record
SF:C:\Users\Eduardo\SeedSphere\router\lib\p2p_node.dart
DA:17,1
DA:21,1
DA:22,1
DA:25,2
DA:33,2
DA:34,3
DA:35,4
DA:36,5
DA:38,1
DA:39,1
DA:41,3
DA:42,3
DA:45,1
DA:46,0
DA:47,0
DA:50,0
DA:56,2
DA:60,2
DA:62,2
DA:63,2
DA:64,3
DA:66,1
DA:67,1
DA:68,0
DA:69,0
DA:73,3
DA:74,1
DA:75,1
DA:76,3
DA:78,0
DA:81,3
DA:83,3
DA:84,2
DA:85,2
DA:89,2
DA:90,3
DA:91,1
DA:98,1
DA:99,1
DA:105,1
DA:110,2
DA:111,1
DA:114,2
DA:115,5
DA:116,5
DA:119,0
DA:125,1
DA:126,1
DA:127,2
DA:128,1
DA:132,4
DA:135,1
DA:136,7
LF:53
LH:46
end_of_record
SF:C:\Users\Eduardo\SeedSphere\router\lib\pairing_service.dart
DA:25,1
DA:35,0
DA:36,0
DA:37,0
DA:38,0
DA:39,0
DA:40,0
DA:41,0
DA:51,1
DA:52,2
DA:53,4
DA:54,1
DA:56,1
DA:59,1
DA:63,2
DA:66,1
DA:67,0
DA:74,1
DA:75,2
DA:78,1
DA:79,1
DA:85,3
LF:22
LH:14
end_of_record
SF:C:\Users\Eduardo\SeedSphere\router\lib\prefetch_service.dart
DA:24,1
DA:27,1
DA:28,2
DA:30,1
DA:32,4
DA:36,1
DA:37,2
DA:40,1
DA:41,2
DA:44,2
DA:45,1
DA:47,2
DA:48,1
DA:50,2
DA:53,1
DA:66,3
DA:68,0
LF:17
LH:16
end_of_record
SF:C:\Users\Eduardo\SeedSphere\router\lib\rate_limit_middleware.dart
DA:13,1
DA:17,1
DA:18,1
DA:20,1
DA:21,2
DA:22,1
DA:24,3
DA:25,2
DA:29,2
DA:33,2
DA:38,1
DA:39,2
DA:40,1
DA:41,4
DA:45,1
DA:46,1
DA:47,2
DA:48,2
DA:49,1
DA:50,1
DA:53,2
DA:60,1
DA:63,1
DA:66,1
DA:69,1
DA:73,1
DA:76,1
DA:79,1
DA:83,1
DA:86,1
DA:91,1
DA:93,1
DA:94,1
DA:95,1
DA:97,2
DA:98,1
DA:100,3
DA:105,1
LF:38
LH:38
end_of_record
SF:C:\Users\Eduardo\SeedSphere\router\lib\security_middleware.dart
DA:9,1
DA:12,1
DA:13,1
DA:15,1
DA:16,1
DA:17,2
DA:18,2
DA:19,2
DA:20,2
DA:21,2
DA:28,1
DA:30,2
DA:34,1
DA:35,2
DA:38,3
DA:39,1
DA:41,2
DA:46,1
DA:47,3
DA:49,2
DA:53,2
DA:54,4
DA:55,0
DA:56,0
DA:61,2
DA:62,0
DA:66,1
DA:68,1
DA:70,2
DA:75,1
DA:76,3
DA:78,3
DA:79,0
DA:80,3
DA:82,1
DA:85,2
DA:87,2
DA:89,1
DA:91,2
DA:98,1
DA:100,1
DA:101,3
DA:102,2
DA:104,1
DA:106,1
DA:107,1
DA:110,3
DA:114,1
DA:115,1
LF:49
LH:45
end_of_record
SF:C:\Users\Eduardo\SeedSphere\router\lib\services\status_service.dart
DA:15,1
DA:18,1
DA:19,3
DA:22,2
DA:23,4
DA:25,2
DA:27,3
DA:28,2
DA:29,2
DA:34,3
DA:37,1
DA:38,2
DA:41,2
DA:42,1
DA:43,0
LF:15
LH:14
end_of_record
SF:C:\Users\Eduardo\SeedSphere\router\lib\swarm_service.dart
DA:13,1
DA:16,0
DA:23,1
DA:28,1
DA:31,2
DA:32,1
DA:34,1
DA:41,1
DA:42,1
DA:43,3
DA:48,1
DA:54,1
DA:58,1
DA:61,1
DA:65,2
DA:69,1
DA:70,2
DA:71,0
DA:74,1
DA:77,1
DA:78,1
DA:79,3
DA:81,1
DA:82,1
DA:83,2
DA:84,1
DA:86,2
DA:88,2
DA:89,1
DA:91,1
DA:92,1
DA:94,1
DA:95,1
DA:97,1
DA:99,1
DA:101,1
DA:102,1
DA:109,1
DA:111,1
DA:112,1
DA:114,1
DA:115,1
DA:117,0
DA:119,2
DA:125,1
DA:126,1
DA:127,3
DA:128,5
DA:130,1
DA:133,1
DA:134,1
DA:135,3
DA:136,4
DA:138,1
DA:143,1
DA:145,1
DA:146,1
DA:147,1
DA:150,3
DA:155,2
DA:156,2
DA:160,2
DA:161,0
DA:163,0
DA:164,0
DA:165,0
DA:167,0
DA:168,0
DA:169,0
DA:170,0
DA:174,2
DA:175,2
DA:178,2
DA:179,2
DA:180,1
DA:181,1
DA:182,1
DA:183,0
DA:184,0
DA:186,0
DA:199,1
DA:202,1
DA:203,2
DA:204,2
DA:205,1
DA:206,1
DA:207,1
DA:208,2
DA:209,3
DA:210,1
DA:213,1
DA:214,0
DA:215,0
DA:216,0
DA:217,0
DA:219,0
DA:222,1
DA:223,1
DA:224,1
DA:225,5
DA:226,1
DA:227,1
DA:228,1
DA:230,1
DA:233,2
DA:234,1
DA:235,2
DA:236,3
DA:237,1
DA:238,3
DA:239,2
DA:240,1
DA:244,1
DA:246,0
DA:249,1
LF:115
LH:95
end_of_record
SF:C:\Users\Eduardo\SeedSphere\router\lib\task_service.dart
DA:9,1
DA:14,1
DA:15,3
DA:18,5
DA:20,2
DA:28,1
DA:29,2
DA:65,1
DA:67,3
DA:69,1
LF:10
LH:10
end_of_record
