<?xml version="1.0" encoding="UTF-8"?>
<coverage generated="1777870803042" clover="3.2.0">
  <project timestamp="1777870803043" name="All files">
    <metrics statements="191" coveredstatements="175" conditionals="160" coveredconditionals="110" methods="42" coveredmethods="38" elements="393" coveredelements="323" complexity="0" loc="191" ncloc="191" packages="1" files="6" classes="6"/>
    <file name="cache.ts" path="C:\Users\Eduardo\SeedSphere\bridge\src\cache.ts">
      <metrics statements="20" coveredstatements="16" conditionals="14" coveredconditionals="12" methods="2" coveredmethods="2"/>
      <line num="4" count="3" type="stmt"/>
      <line num="6" count="3" type="stmt"/>
      <line num="7" count="3" type="stmt"/>
      <line num="14" count="8" type="cond" truecount="2" falsecount="0"/>
      <line num="15" count="7" type="stmt"/>
      <line num="16" count="7" type="stmt"/>
      <line num="17" count="7" type="cond" truecount="2" falsecount="0"/>
      <line num="19" count="2" type="stmt"/>
      <line num="20" count="2" type="stmt"/>
      <line num="22" count="2" type="cond" truecount="2" falsecount="0"/>
      <line num="23" count="1" type="cond" truecount="3" falsecount="1"/>
      <line num="24" count="1" type="stmt"/>
      <line num="25" count="1" type="stmt"/>
      <line num="28" count="0" type="stmt"/>
      <line num="30" count="0" type="stmt"/>
      <line num="31" count="0" type="stmt"/>
      <line num="41" count="5" type="cond" truecount="1" falsecount="1"/>
      <line num="42" count="5" type="stmt"/>
      <line num="43" count="5" type="stmt"/>
      <line num="57" count="0" type="stmt"/>
    </file>
    <file name="crypto.ts" path="C:\Users\Eduardo\SeedSphere\bridge\src\crypto.ts">
      <metrics statements="8" coveredstatements="8" conditionals="6" coveredconditionals="6" methods="2" coveredmethods="2"/>
      <line num="6" count="20" type="cond" truecount="4" falsecount="0"/>
      <line num="7" count="13" type="stmt"/>
      <line num="10" count="7" type="cond" truecount="2" falsecount="0"/>
      <line num="11" count="1" type="stmt"/>
      <line num="14" count="6" type="stmt"/>
      <line num="15" count="6" type="stmt"/>
      <line num="16" count="12" type="stmt"/>
      <line num="19" count="6" type="stmt"/>
    </file>
    <file name="index.ts" path="C:\Users\Eduardo\SeedSphere\bridge\src\index.ts">
      <metrics statements="76" coveredstatements="70" conditionals="57" coveredconditionals="38" methods="20" coveredmethods="17"/>
      <line num="9" count="2" type="stmt"/>
      <line num="10" count="2" type="stmt"/>
      <line num="12" count="2" type="stmt"/>
      <line num="14" count="2" type="cond" truecount="1" falsecount="1"/>
      <line num="17" count="2" type="stmt"/>
      <line num="18" count="2" type="stmt"/>
      <line num="21" count="2" type="stmt"/>
      <line num="66" count="3" type="stmt"/>
      <line num="67" count="2" type="stmt"/>
      <line num="70" count="4" type="stmt"/>
      <line num="71" count="4" type="cond" truecount="2" falsecount="0"/>
      <line num="73" count="4" type="stmt"/>
      <line num="75" count="4" type="cond" truecount="3" falsecount="1"/>
      <line num="76" count="4" type="stmt"/>
      <line num="79" count="4" type="stmt"/>
      <line num="80" count="4" type="cond" truecount="2" falsecount="0"/>
      <line num="81" count="1" type="stmt"/>
      <line num="82" count="1" type="stmt"/>
      <line num="83" count="1" type="cond" truecount="3" falsecount="1"/>
      <line num="87" count="4" type="stmt"/>
      <line num="88" count="4" type="stmt"/>
      <line num="89" count="4" type="cond" truecount="1" falsecount="1"/>
      <line num="91" count="4" type="stmt"/>
      <line num="92" count="4" type="cond" truecount="2" falsecount="0"/>
      <line num="93" count="3" type="stmt"/>
      <line num="96" count="4" type="cond" truecount="1" falsecount="1"/>
      <line num="97" count="4" type="stmt"/>
      <line num="102" count="4" type="stmt"/>
      <line num="104" count="4" type="stmt"/>
      <line num="105" count="4" type="cond" truecount="2" falsecount="0"/>
      <line num="106" count="0" type="stmt"/>
      <line num="109" count="4" type="stmt"/>
      <line num="110" count="4" type="stmt"/>
      <line num="113" count="4" type="stmt"/>
      <line num="114" count="4" type="stmt"/>
      <line num="115" count="2" type="cond" truecount="4" falsecount="0"/>
      <line num="116" count="2" type="cond" truecount="3" falsecount="1"/>
      <line num="117" count="2" type="stmt"/>
      <line num="118" count="2" type="stmt"/>
      <line num="122" count="4" type="stmt"/>
      <line num="123" count="4" type="stmt"/>
      <line num="124" count="4" type="stmt"/>
      <line num="125" count="2" type="cond" truecount="3" falsecount="1"/>
      <line num="126" count="2" type="stmt"/>
      <line num="127" count="2" type="stmt"/>
      <line num="129" count="2" type="cond" truecount="1" falsecount="1"/>
      <line num="130" count="0" type="stmt"/>
      <line num="131" count="0" type="cond" truecount="0" falsecount="4"/>
      <line num="132" count="0" type="stmt"/>
      <line num="137" count="4" type="cond" truecount="2" falsecount="0"/>
      <line num="138" count="1" type="stmt"/>
      <line num="144" count="1" type="cond" truecount="1" falsecount="1"/>
      <line num="145" count="1" type="stmt"/>
      <line num="146" count="1" type="cond" truecount="1" falsecount="1"/>
      <line num="147" count="1" type="stmt"/>
      <line num="148" count="1" type="stmt"/>
      <line num="149" count="1" type="cond" truecount="3" falsecount="1"/>
      <line num="150" count="1" type="stmt"/>
      <line num="151" count="1" type="cond" truecount="1" falsecount="1"/>
      <line num="152" count="1" type="stmt"/>
      <line num="156" count="1" type="stmt"/>
      <line num="161" count="0" type="stmt"/>
      <line num="165" count="4" type="stmt"/>
      <line num="166" count="2" type="cond" truecount="1" falsecount="2"/>
      <line num="167" count="2" type="stmt"/>
      <line num="168" count="2" type="stmt"/>
      <line num="169" count="2" type="stmt"/>
      <line num="176" count="4" type="stmt"/>
      <line num="177" count="4" type="stmt"/>
      <line num="180" count="2" type="stmt"/>
      <line num="181" count="2" type="stmt"/>
      <line num="184" count="1" type="stmt"/>
      <line num="185" count="1" type="stmt"/>
      <line num="186" count="1" type="stmt"/>
      <line num="187" count="1" type="stmt"/>
      <line num="189" count="0" type="stmt"/>
    </file>
    <file name="logger.ts" path="C:\Users\Eduardo\SeedSphere\bridge\src\logger.ts">
      <metrics statements="10" coveredstatements="9" conditionals="2" coveredconditionals="2" methods="6" coveredmethods="5"/>
      <line num="4" count="8" type="stmt"/>
      <line num="7" count="13" type="stmt"/>
      <line num="8" count="13" type="stmt"/>
      <line num="9" count="13" type="cond" truecount="2" falsecount="0"/>
      <line num="10" count="5" type="stmt"/>
      <line num="12" count="13" type="stmt"/>
      <line num="16" count="10" type="stmt"/>
      <line num="20" count="1" type="stmt"/>
      <line num="24" count="2" type="stmt"/>
      <line num="28" count="0" type="stmt"/>
    </file>
    <file name="normalizer.ts" path="C:\Users\Eduardo\SeedSphere\bridge\src\normalizer.ts">
      <metrics statements="48" coveredstatements="45" conditionals="59" coveredconditionals="36" methods="7" coveredmethods="7"/>
      <line num="7" count="5" type="cond" truecount="1" falsecount="1"/>
      <line num="8" count="5" type="stmt"/>
      <line num="9" count="5" type="stmt"/>
      <line num="15" count="5" type="stmt"/>
      <line num="16" count="5" type="stmt"/>
      <line num="20" count="5" type="stmt"/>
      <line num="27" count="5" type="stmt"/>
      <line num="29" count="5" type="stmt"/>
      <line num="31" count="1" type="stmt"/>
      <line num="34" count="5" type="stmt"/>
      <line num="36" count="2" type="stmt"/>
      <line num="39" count="5" type="stmt"/>
      <line num="41" count="1" type="stmt"/>
      <line num="44" count="5" type="stmt"/>
      <line num="51" count="3" type="stmt"/>
      <line num="60" count="3" type="stmt"/>
      <line num="62" count="3" type="cond" truecount="2" falsecount="0"/>
      <line num="63" count="3" type="cond" truecount="2" falsecount="0"/>
      <line num="65" count="3" type="cond" truecount="2" falsecount="0"/>
      <line num="68" count="3" type="cond" truecount="2" falsecount="0"/>
      <line num="70" count="3" type="cond" truecount="2" falsecount="0"/>
      <line num="71" count="3" type="cond" truecount="2" falsecount="0"/>
      <line num="72" count="1" type="cond" truecount="1" falsecount="1"/>
      <line num="78" count="3" type="cond" truecount="1" falsecount="1"/>
      <line num="79" count="3" type="cond" truecount="2" falsecount="0"/>
      <line num="80" count="2" type="cond" truecount="1" falsecount="1"/>
      <line num="81" count="2" type="cond" truecount="1" falsecount="1"/>
      <line num="83" count="3" type="cond" truecount="2" falsecount="0"/>
      <line num="86" count="3" type="cond" truecount="1" falsecount="1"/>
      <line num="88" count="3" type="stmt"/>
      <line num="92" count="2" type="cond" truecount="1" falsecount="2"/>
      <line num="93" count="2" type="stmt"/>
      <line num="94" count="2" type="cond" truecount="1" falsecount="1"/>
      <line num="95" count="2" type="cond" truecount="1" falsecount="1"/>
      <line num="96" count="2" type="cond" truecount="1" falsecount="1"/>
      <line num="97" count="2" type="cond" truecount="1" falsecount="1"/>
      <line num="98" count="2" type="cond" truecount="1" falsecount="1"/>
      <line num="99" count="2" type="cond" truecount="1" falsecount="1"/>
      <line num="101" count="2" type="cond" truecount="2" falsecount="2"/>
      <line num="102" count="0" type="stmt"/>
      <line num="103" count="2" type="cond" truecount="2" falsecount="2"/>
      <line num="104" count="0" type="stmt"/>
      <line num="105" count="2" type="cond" truecount="1" falsecount="1"/>
      <line num="107" count="2" type="stmt"/>
      <line num="109" count="2" type="stmt"/>
      <line num="110" count="2" type="cond" truecount="2" falsecount="2"/>
      <line num="111" count="0" type="stmt"/>
      <line num="113" count="2" type="stmt"/>
    </file>
    <file name="providers.ts" path="C:\Users\Eduardo\SeedSphere\bridge\src\providers.ts">
      <metrics statements="29" coveredstatements="27" conditionals="22" coveredconditionals="16" methods="5" coveredmethods="5"/>
      <line num="4" count="3" type="stmt"/>
      <line num="13" count="5" type="stmt"/>
      <line num="14" count="5" type="stmt"/>
      <line num="15" count="5" type="stmt"/>
      <line num="16" count="5" type="stmt"/>
      <line num="27" count="5" type="stmt"/>
      <line num="28" count="5" type="cond" truecount="2" falsecount="0"/>
      <line num="29" count="1" type="stmt"/>
      <line num="30" count="1" type="stmt"/>
      <line num="31" count="1" type="stmt"/>
      <line num="33" count="4" type="stmt"/>
      <line num="34" count="4" type="cond" truecount="2" falsecount="0"/>
      <line num="41" count="0" type="stmt"/>
      <line num="42" count="0" type="stmt"/>
      <line num="50" count="3" type="stmt"/>
      <line num="51" count="3" type="cond" truecount="2" falsecount="0"/>
      <line num="52" count="1" type="stmt"/>
      <line num="53" count="1" type="stmt"/>
      <line num="56" count="2" type="stmt"/>
      <line num="57" count="2" type="stmt"/>
      <line num="58" count="2" type="stmt"/>
      <line num="68" count="1" type="cond" truecount="1" falsecount="1"/>
      <line num="70" count="1" type="stmt"/>
      <line num="71" count="1" type="cond" truecount="1" falsecount="1"/>
      <line num="73" count="3" type="stmt"/>
      <line num="75" count="1" type="stmt"/>
      <line num="80" count="1" type="stmt"/>
      <line num="82" count="1" type="stmt"/>
      <line num="83" count="1" type="stmt"/>
    </file>
  </project>
</coverage>
