{"C:\\Users\\Eduardo\\SeedSphere\\bridge\\src\\cache.ts": {"path":"C:\\Users\\Eduardo\\SeedSphere\\bridge\\src\\cache.ts","statementMap":{"0":{"start":{"line":4,"column":15},"end":{"line":4,"column":34}},"1":{"start":{"line":6,"column":23},"end":{"line":6,"column":null}},"2":{"start":{"line":7,"column":21},"end":{"line":7,"column":null}},"3":{"start":{"line":14,"column":2},"end":{"line":14,"column":null}},"4":{"start":{"line":14,"column":11},"end":{"line":14,"column":null}},"5":{"start":{"line":15,"column":2},"end":{"line":31,"column":null}},"6":{"start":{"line":16,"column":17},"end":{"line":16,"column":52}},"7":{"start":{"line":17,"column":4},"end":{"line":17,"column":null}},"8":{"start":{"line":17,"column":15},"end":{"line":17,"column":null}},"9":{"start":{"line":19,"column":14},"end":{"line":19,"column":null}},"10":{"start":{"line":20,"column":16},"end":{"line":20,"column":null}},"11":{"start":{"line":22,"column":4},"end":{"line":22,"column":null}},"12":{"start":{"line":22,"column":22},"end":{"line":22,"column":null}},"13":{"start":{"line":23,"column":4},"end":{"line":25,"column":null}},"14":{"start":{"line":24,"column":6},"end":{"line":24,"column":null}},"15":{"start":{"line":25,"column":6},"end":{"line":25,"column":null}},"16":{"start":{"line":28,"column":4},"end":{"line":28,"column":null}},"17":{"start":{"line":30,"column":4},"end":{"line":30,"column":null}},"18":{"start":{"line":31,"column":4},"end":{"line":31,"column":null}},"19":{"start":{"line":41,"column":2},"end":{"line":41,"column":null}},"20":{"start":{"line":41,"column":11},"end":{"line":41,"column":null}},"21":{"start":{"line":42,"column":2},"end":{"line":57,"column":null}},"22":{"start":{"line":43,"column":4},"end":{"line":55,"column":null}},"23":{"start":{"line":57,"column":4},"end":{"line":57,"column":null}}},"fnMap":{"0":{"name":"getCache","decl":{"start":{"line":9,"column":22},"end":{"line":9,"column":null}},"loc":{"start":{"line":13,"column":28},"end":{"line":31,"column":null}},"line":13},"1":{"name":"setCache","decl":{"start":{"line":35,"column":22},"end":{"line":35,"column":null}},"loc":{"start":{"line":40,"column":2},"end":{"line":57,"column":null}},"line":40}},"branchMap":{"0":{"loc":{"start":{"line":12,"column":2},"end":{"line":12,"column":null}},"type":"default-arg","locations":[{"start":{"line":12,"column":15},"end":{"line":12,"column":null}}],"line":12},"1":{"loc":{"start":{"line":14,"column":2},"end":{"line":14,"column":null}},"type":"if","locations":[{"start":{"line":14,"column":2},"end":{"line":14,"column":null}},{"start":{},"end":{}}],"line":14},"2":{"loc":{"start":{"line":17,"column":4},"end":{"line":17,"column":null}},"type":"if","locations":[{"start":{"line":17,"column":4},"end":{"line":17,"column":null}},{"start":{},"end":{}}],"line":17},"3":{"loc":{"start":{"line":22,"column":4},"end":{"line":22,"column":null}},"type":"if","locations":[{"start":{"line":22,"column":4},"end":{"line":22,"column":null}},{"start":{},"end":{}}],"line":22},"4":{"loc":{"start":{"line":23,"column":4},"end":{"line":25,"column":null}},"type":"if","locations":[{"start":{"line":23,"column":4},"end":{"line":25,"column":null}},{"start":{},"end":{}}],"line":23},"5":{"loc":{"start":{"line":23,"column":8},"end":{"line":23,"column":51}},"type":"binary-expr","locations":[{"start":{"line":23,"column":8},"end":{"line":23,"column":22}},{"start":{"line":23,"column":22},"end":{"line":23,"column":51}}],"line":23},"6":{"loc":{"start":{"line":39,"column":2},"end":{"line":39,"column":null}},"type":"default-arg","locations":[{"start":{"line":39,"column":8},"end":{"line":39,"column":null}}],"line":39},"7":{"loc":{"start":{"line":41,"column":2},"end":{"line":41,"column":null}},"type":"if","locations":[{"start":{"line":41,"column":2},"end":{"line":41,"column":null}},{"start":{},"end":{}}],"line":41}},"s":{"0":3,"1":3,"2":3,"3":8,"4":1,"5":7,"6":7,"7":7,"8":5,"9":2,"10":2,"11":2,"12":1,"13":1,"14":1,"15":1,"16":0,"17":0,"18":0,"19":5,"20":0,"21":5,"22":5,"23":0},"f":{"0":8,"1":5},"b":{"0":[8],"1":[1,7],"2":[5,2],"3":[1,1],"4":[1,0],"5":[1,1],"6":[5],"7":[0,5]},"meta":{"lastBranch":8,"lastFunction":2,"lastStatement":24,"seen":{"s:4:15:4:34":0,"s:6:23:6:Infinity":1,"s:7:21:7:Infinity":2,"f:9:22:9:Infinity":0,"b:12:15:12:Infinity":0,"b:14:2:14:Infinity:undefined:undefined:undefined:undefined":1,"s:14:2:14:Infinity":3,"s:14:11:14:Infinity":4,"s:15:2:31:Infinity":5,"s:16:17:16:52":6,"b:17:4:17:Infinity:undefined:undefined:undefined:undefined":2,"s:17:4:17:Infinity":7,"s:17:15:17:Infinity":8,"s:19:14:19:Infinity":9,"s:20:16:20:Infinity":10,"b:22:4:22:Infinity:undefined:undefined:undefined:undefined":3,"s:22:4:22:Infinity":11,"s:22:22:22:Infinity":12,"b:23:4:25:Infinity:undefined:undefined:undefined:undefined":4,"s:23:4:25:Infinity":13,"b:23:8:23:22:23:22:23:51":5,"s:24:6:24:Infinity":14,"s:25:6:25:Infinity":15,"s:28:4:28:Infinity":16,"s:30:4:30:Infinity":17,"s:31:4:31:Infinity":18,"f:35:22:35:Infinity":1,"b:39:8:39:Infinity":6,"b:41:2:41:Infinity:undefined:undefined:undefined:undefined":7,"s:41:2:41:Infinity":19,"s:41:11:41:Infinity":20,"s:42:2:57:Infinity":21,"s:43:4:55:Infinity":22,"s:57:4:57:Infinity":23}}}
,"C:\\Users\\Eduardo\\SeedSphere\\bridge\\src\\crypto.ts": {"path":"C:\\Users\\Eduardo\\SeedSphere\\bridge\\src\\crypto.ts","statementMap":{"0":{"start":{"line":6,"column":2},"end":{"line":7,"column":null}},"1":{"start":{"line":7,"column":4},"end":{"line":7,"column":null}},"2":{"start":{"line":10,"column":2},"end":{"line":11,"column":null}},"3":{"start":{"line":11,"column":4},"end":{"line":11,"column":null}},"4":{"start":{"line":14,"column":21},"end":{"line":14,"column":44}},"5":{"start":{"line":15,"column":16},"end":{"line":17,"column":null}},"6":{"start":{"line":16,"column":4},"end":{"line":16,"column":null}},"7":{"start":{"line":19,"column":2},"end":{"line":19,"column":null}}},"fnMap":{"0":{"name":"canonicalize","decl":{"start":{"line":5,"column":16},"end":{"line":5,"column":29}},"loc":{"start":{"line":5,"column":47},"end":{"line":19,"column":null}},"line":5},"1":{"name":"(anonymous_1)","decl":{"start":{"line":15,"column":27},"end":{"line":15,"column":32}},"loc":{"start":{"line":15,"column":40},"end":{"line":17,"column":null}},"line":15}},"branchMap":{"0":{"loc":{"start":{"line":6,"column":2},"end":{"line":7,"column":null}},"type":"if","locations":[{"start":{"line":6,"column":2},"end":{"line":7,"column":null}},{"start":{},"end":{}}],"line":6},"1":{"loc":{"start":{"line":6,"column":6},"end":{"line":6,"column":47}},"type":"binary-expr","locations":[{"start":{"line":6,"column":6},"end":{"line":6,"column":22}},{"start":{"line":6,"column":22},"end":{"line":6,"column":47}}],"line":6},"2":{"loc":{"start":{"line":10,"column":2},"end":{"line":11,"column":null}},"type":"if","locations":[{"start":{"line":10,"column":2},"end":{"line":11,"column":null}},{"start":{},"end":{}}],"line":10}},"s":{"0":20,"1":13,"2":7,"3":1,"4":6,"5":6,"6":12,"7":6},"f":{"0":20,"1":12},"b":{"0":[13,7],"1":[20,20],"2":[1,6]},"meta":{"lastBranch":3,"lastFunction":2,"lastStatement":8,"seen":{"f:5:16:5:29":0,"b:6:2:7:Infinity:undefined:undefined:undefined:undefined":0,"s:6:2:7:Infinity":0,"b:6:6:6:22:6:22:6:47":1,"s:7:4:7:Infinity":1,"b:10:2:11:Infinity:undefined:undefined:undefined:undefined":2,"s:10:2:11:Infinity":2,"s:11:4:11:Infinity":3,"s:14:21:14:44":4,"s:15:16:17:Infinity":5,"f:15:27:15:32":1,"s:16:4:16:Infinity":6,"s:19:2:19:Infinity":7}}}
,"C:\\Users\\Eduardo\\SeedSphere\\bridge\\src\\index.ts": {"path":"C:\\Users\\Eduardo\\SeedSphere\\bridge\\src\\index.ts","statementMap":{"0":{"start":{"line":9,"column":12},"end":{"line":9,"column":22}},"1":{"start":{"line":10,"column":15},"end":{"line":10,"column":35}},"2":{"start":{"line":12,"column":0},"end":{"line":12,"column":null}},"3":{"start":{"line":14,"column":6},"end":{"line":14,"column":45}},"4":{"start":{"line":14,"column":15},"end":{"line":14,"column":45}},"5":{"start":{"line":17,"column":0},"end":{"line":17,"column":null}},"6":{"start":{"line":17,"column":33},"end":{"line":17,"column":44}},"7":{"start":{"line":18,"column":0},"end":{"line":18,"column":null}},"8":{"start":{"line":18,"column":41},"end":{"line":18,"column":52}},"9":{"start":{"line":21,"column":2},"end":{"line":63,"column":null}},"10":{"start":{"line":66,"column":0},"end":{"line":66,"column":null}},"11":{"start":{"line":66,"column":42},"end":{"line":66,"column":58}},"12":{"start":{"line":67,"column":0},"end":{"line":67,"column":null}},"13":{"start":{"line":67,"column":50},"end":{"line":67,"column":66}},"14":{"start":{"line":70,"column":21},"end":{"line":70,"column":34}},"15":{"start":{"line":71,"column":20},"end":{"line":71,"column":null}},"16":{"start":{"line":73,"column":2},"end":{"line":73,"column":null}},"17":{"start":{"line":75,"column":2},"end":{"line":76,"column":null}},"18":{"start":{"line":76,"column":4},"end":{"line":76,"column":null}},"19":{"start":{"line":79,"column":25},"end":{"line":79,"column":27}},"20":{"start":{"line":80,"column":2},"end":{"line":84,"column":null}},"21":{"start":{"line":81,"column":4},"end":{"line":84,"column":null}},"22":{"start":{"line":82,"column":21},"end":{"line":82,"column":34}},"23":{"start":{"line":83,"column":6},"end":{"line":83,"column":null}},"24":{"start":{"line":83,"column":18},"end":{"line":83,"column":null}},"25":{"start":{"line":87,"column":19},"end":{"line":87,"column":null}},"26":{"start":{"line":88,"column":17},"end":{"line":88,"column":57}},"27":{"start":{"line":89,"column":2},"end":{"line":89,"column":null}},"28":{"start":{"line":89,"column":14},"end":{"line":89,"column":null}},"29":{"start":{"line":91,"column":20},"end":{"line":91,"column":22}},"30":{"start":{"line":92,"column":2},"end":{"line":93,"column":null}},"31":{"start":{"line":93,"column":4},"end":{"line":93,"column":null}},"32":{"start":{"line":96,"column":20},"end":{"line":96,"column":null}},"33":{"start":{"line":97,"column":16},"end":{"line":100,"column":15}},"34":{"start":{"line":102,"column":2},"end":{"line":107,"column":null}},"35":{"start":{"line":104,"column":19},"end":{"line":104,"column":27}},"36":{"start":{"line":105,"column":24},"end":{"line":105,"column":39}},"37":{"start":{"line":106,"column":19},"end":{"line":106,"column":21}},"38":{"start":{"line":109,"column":21},"end":{"line":109,"column":49}},"39":{"start":{"line":110,"column":25},"end":{"line":110,"column":42}},"40":{"start":{"line":113,"column":15},"end":{"line":113,"column":24}},"41":{"start":{"line":114,"column":2},"end":{"line":119,"column":null}},"42":{"start":{"line":115,"column":10},"end":{"line":115,"column":null}},"43":{"start":{"line":116,"column":4},"end":{"line":116,"column":null}},"44":{"start":{"line":116,"column":33},"end":{"line":116,"column":null}},"45":{"start":{"line":117,"column":4},"end":{"line":117,"column":null}},"46":{"start":{"line":118,"column":4},"end":{"line":118,"column":null}},"47":{"start":{"line":122,"column":2},"end":{"line":161,"column":null}},"48":{"start":{"line":123,"column":24},"end":{"line":123,"column":41}},"49":{"start":{"line":124,"column":4},"end":{"line":135,"column":null}},"50":{"start":{"line":125,"column":6},"end":{"line":127,"column":null}},"51":{"start":{"line":126,"column":24},"end":{"line":126,"column":54}},"52":{"start":{"line":127,"column":8},"end":{"line":127,"column":null}},"53":{"start":{"line":127,"column":33},"end":{"line":127,"column":null}},"54":{"start":{"line":129,"column":6},"end":{"line":133,"column":null}},"55":{"start":{"line":130,"column":8},"end":{"line":133,"column":null}},"56":{"start":{"line":131,"column":10},"end":{"line":132,"column":null}},"57":{"start":{"line":132,"column":12},"end":{"line":132,"column":null}},"58":{"start":{"line":137,"column":4},"end":{"line":157,"column":null}},"59":{"start":{"line":138,"column":21},"end":{"line":142,"column":8}},"60":{"start":{"line":144,"column":6},"end":{"line":157,"column":null}},"61":{"start":{"line":145,"column":29},"end":{"line":145,"column":48}},"62":{"start":{"line":146,"column":26},"end":{"line":146,"column":45}},"63":{"start":{"line":147,"column":8},"end":{"line":157,"column":null}},"64":{"start":{"line":148,"column":23},"end":{"line":148,"column":null}},"65":{"start":{"line":149,"column":10},"end":{"line":154,"column":null}},"66":{"start":{"line":150,"column":12},"end":{"line":154,"column":null}},"67":{"start":{"line":151,"column":14},"end":{"line":152,"column":null}},"68":{"start":{"line":152,"column":16},"end":{"line":152,"column":null}},"69":{"start":{"line":156,"column":10},"end":{"line":156,"column":null}},"70":{"start":{"line":161,"column":4},"end":{"line":161,"column":null}},"71":{"start":{"line":165,"column":23},"end":{"line":174,"column":null}},"72":{"start":{"line":166,"column":20},"end":{"line":166,"column":null}},"73":{"start":{"line":167,"column":4},"end":{"line":167,"column":null}},"74":{"start":{"line":168,"column":10},"end":{"line":168,"column":50}},"75":{"start":{"line":169,"column":4},"end":{"line":173,"column":null}},"76":{"start":{"line":176,"column":2},"end":{"line":176,"column":null}},"77":{"start":{"line":177,"column":2},"end":{"line":177,"column":null}},"78":{"start":{"line":180,"column":0},"end":{"line":180,"column":null}},"79":{"start":{"line":180,"column":50},"end":{"line":180,"column":69}},"80":{"start":{"line":181,"column":0},"end":{"line":181,"column":null}},"81":{"start":{"line":181,"column":58},"end":{"line":181,"column":77}},"82":{"start":{"line":184,"column":23},"end":{"line":184,"column":36}},"83":{"start":{"line":185,"column":2},"end":{"line":189,"column":null}},"84":{"start":{"line":186,"column":22},"end":{"line":186,"column":63}},"85":{"start":{"line":187,"column":4},"end":{"line":187,"column":null}},"86":{"start":{"line":189,"column":4},"end":{"line":189,"column":null}}},"fnMap":{"0":{"name":"(anonymous_0)","decl":{"start":{"line":14,"column":6},"end":{"line":14,"column":15}},"loc":{"start":{"line":14,"column":15},"end":{"line":14,"column":45}},"line":14},"1":{"name":"(anonymous_1)","decl":{"start":{"line":17,"column":8},"end":{"line":17,"column":27}},"loc":{"start":{"line":17,"column":33},"end":{"line":17,"column":44}},"line":17},"2":{"name":"(anonymous_2)","decl":{"start":{"line":18,"column":8},"end":{"line":18,"column":35}},"loc":{"start":{"line":18,"column":41},"end":{"line":18,"column":52}},"line":18},"3":{"name":"manifest","decl":{"start":{"line":20,"column":9},"end":{"line":20,"column":18}},"loc":{"start":{"line":20,"column":26},"end":{"line":63,"column":null}},"line":20},"4":{"name":"(anonymous_4)","decl":{"start":{"line":66,"column":29},"end":{"line":66,"column":36}},"loc":{"start":{"line":66,"column":42},"end":{"line":66,"column":58}},"line":66},"5":{"name":"(anonymous_5)","decl":{"start":{"line":67,"column":37},"end":{"line":67,"column":44}},"loc":{"start":{"line":67,"column":50},"end":{"line":67,"column":66}},"line":67},"6":{"name":"streamHandler","decl":{"start":{"line":69,"column":15},"end":{"line":69,"column":29}},"loc":{"start":{"line":69,"column":37},"end":{"line":177,"column":null}},"line":69},"7":{"name":"(anonymous_7)","decl":{"start":{"line":81,"column":25},"end":{"line":81,"column":34}},"loc":{"start":{"line":81,"column":49},"end":{"line":84,"column":null}},"line":81},"8":{"name":"(anonymous_8)","decl":{"start":{"line":104,"column":7},"end":{"line":104,"column":13}},"loc":{"start":{"line":104,"column":19},"end":{"line":104,"column":27}},"line":104},"9":{"name":"(anonymous_9)","decl":{"start":{"line":105,"column":7},"end":{"line":105,"column":13}},"loc":{"start":{"line":105,"column":24},"end":{"line":105,"column":39}},"line":105},"10":{"name":"(anonymous_10)","decl":{"start":{"line":106,"column":7},"end":{"line":106,"column":19}},"loc":{"start":{"line":106,"column":19},"end":{"line":106,"column":21}},"line":106},"11":{"name":"(anonymous_11)","decl":{"start":{"line":114,"column":18},"end":{"line":114,"column":26}},"loc":{"start":{"line":114,"column":38},"end":{"line":119,"column":null}},"line":114},"12":{"name":"(anonymous_12)","decl":{"start":{"line":124,"column":11},"end":{"line":124,"column":20}},"loc":{"start":{"line":124,"column":31},"end":{"line":135,"column":null}},"line":124},"13":{"name":"(anonymous_13)","decl":{"start":{"line":130,"column":18},"end":{"line":130,"column":27}},"loc":{"start":{"line":130,"column":42},"end":{"line":133,"column":null}},"line":130},"14":{"name":"(anonymous_14)","decl":{"start":{"line":147,"column":24},"end":{"line":147,"column":29}},"loc":{"start":{"line":147,"column":40},"end":{"line":157,"column":null}},"line":147},"15":{"name":"(anonymous_15)","decl":{"start":{"line":150,"column":22},"end":{"line":150,"column":31}},"loc":{"start":{"line":150,"column":46},"end":{"line":154,"column":null}},"line":150},"16":{"name":"(anonymous_16)","decl":{"start":{"line":165,"column":30},"end":{"line":165,"column":35}},"loc":{"start":{"line":165,"column":41},"end":{"line":174,"column":null}},"line":165},"17":{"name":"(anonymous_17)","decl":{"start":{"line":180,"column":37},"end":{"line":180,"column":44}},"loc":{"start":{"line":180,"column":50},"end":{"line":180,"column":69}},"line":180},"18":{"name":"(anonymous_18)","decl":{"start":{"line":181,"column":45},"end":{"line":181,"column":52}},"loc":{"start":{"line":181,"column":58},"end":{"line":181,"column":77}},"line":181},"19":{"name":"subtitlesHandler","decl":{"start":{"line":183,"column":15},"end":{"line":183,"column":32}},"loc":{"start":{"line":183,"column":40},"end":{"line":189,"column":null}},"line":183}},"branchMap":{"0":{"loc":{"start":{"line":14,"column":30},"end":{"line":14,"column":39}},"type":"binary-expr","locations":[{"start":{"line":14,"column":30},"end":{"line":14,"column":35}},{"start":{"line":14,"column":35},"end":{"line":14,"column":39}}],"line":14},"1":{"loc":{"start":{"line":71,"column":20},"end":{"line":71,"column":null}},"type":"binary-expr","locations":[{"start":{"line":71,"column":20},"end":{"line":71,"column":41}},{"start":{"line":71,"column":45},"end":{"line":71,"column":null}}],"line":71},"2":{"loc":{"start":{"line":75,"column":2},"end":{"line":76,"column":null}},"type":"if","locations":[{"start":{"line":75,"column":2},"end":{"line":76,"column":null}},{"start":{},"end":{}}],"line":75},"3":{"loc":{"start":{"line":75,"column":6},"end":{"line":75,"column":32}},"type":"binary-expr","locations":[{"start":{"line":75,"column":6},"end":{"line":75,"column":12}},{"start":{"line":75,"column":12},"end":{"line":75,"column":32}}],"line":75},"4":{"loc":{"start":{"line":80,"column":2},"end":{"line":84,"column":null}},"type":"if","locations":[{"start":{"line":80,"column":2},"end":{"line":84,"column":null}},{"start":{},"end":{}}],"line":80},"5":{"loc":{"start":{"line":83,"column":6},"end":{"line":83,"column":null}},"type":"if","locations":[{"start":{"line":83,"column":6},"end":{"line":83,"column":null}},{"start":{},"end":{}}],"line":83},"6":{"loc":{"start":{"line":83,"column":10},"end":{"line":83,"column":18}},"type":"binary-expr","locations":[{"start":{"line":83,"column":10},"end":{"line":83,"column":15}},{"start":{"line":83,"column":15},"end":{"line":83,"column":18}}],"line":83},"7":{"loc":{"start":{"line":89,"column":2},"end":{"line":89,"column":null}},"type":"if","locations":[{"start":{"line":89,"column":2},"end":{"line":89,"column":null}},{"start":{},"end":{}}],"line":89},"8":{"loc":{"start":{"line":92,"column":2},"end":{"line":93,"column":null}},"type":"if","locations":[{"start":{"line":92,"column":2},"end":{"line":93,"column":null}},{"start":{},"end":{}}],"line":92},"9":{"loc":{"start":{"line":96,"column":20},"end":{"line":96,"column":null}},"type":"binary-expr","locations":[{"start":{"line":96,"column":20},"end":{"line":96,"column":40}},{"start":{"line":96,"column":40},"end":{"line":96,"column":null}}],"line":96},"10":{"loc":{"start":{"line":105,"column":24},"end":{"line":105,"column":39}},"type":"binary-expr","locations":[{"start":{"line":105,"column":24},"end":{"line":105,"column":37}},{"start":{"line":105,"column":37},"end":{"line":105,"column":39}}],"line":105},"11":{"loc":{"start":{"line":115,"column":10},"end":{"line":115,"column":null}},"type":"binary-expr","locations":[{"start":{"line":115,"column":10},"end":{"line":115,"column":63}},{"start":{"line":115,"column":67},"end":{"line":115,"column":null}}],"line":115},"12":{"loc":{"start":{"line":115,"column":18},"end":{"line":115,"column":50}},"type":"binary-expr","locations":[{"start":{"line":115,"column":18},"end":{"line":115,"column":34}},{"start":{"line":115,"column":34},"end":{"line":115,"column":50}}],"line":115},"13":{"loc":{"start":{"line":116,"column":4},"end":{"line":116,"column":null}},"type":"if","locations":[{"start":{"line":116,"column":4},"end":{"line":116,"column":null}},{"start":{},"end":{}}],"line":116},"14":{"loc":{"start":{"line":116,"column":8},"end":{"line":116,"column":31}},"type":"binary-expr","locations":[{"start":{"line":116,"column":8},"end":{"line":116,"column":17}},{"start":{"line":116,"column":17},"end":{"line":116,"column":31}}],"line":116},"15":{"loc":{"start":{"line":125,"column":6},"end":{"line":127,"column":null}},"type":"if","locations":[{"start":{"line":125,"column":6},"end":{"line":127,"column":null}},{"start":{},"end":{}}],"line":125},"16":{"loc":{"start":{"line":125,"column":10},"end":{"line":125,"column":46}},"type":"binary-expr","locations":[{"start":{"line":125,"column":10},"end":{"line":125,"column":19}},{"start":{"line":125,"column":19},"end":{"line":125,"column":46}}],"line":125},"17":{"loc":{"start":{"line":129,"column":6},"end":{"line":133,"column":null}},"type":"if","locations":[{"start":{"line":129,"column":6},"end":{"line":133,"column":null}},{"start":{},"end":{}}],"line":129},"18":{"loc":{"start":{"line":131,"column":10},"end":{"line":132,"column":null}},"type":"if","locations":[{"start":{"line":131,"column":10},"end":{"line":132,"column":null}},{"start":{},"end":{}}],"line":131},"19":{"loc":{"start":{"line":131,"column":14},"end":{"line":131,"column":60}},"type":"binary-expr","locations":[{"start":{"line":131,"column":14},"end":{"line":131,"column":35}},{"start":{"line":131,"column":39},"end":{"line":131,"column":60}}],"line":131},"20":{"loc":{"start":{"line":137,"column":4},"end":{"line":157,"column":null}},"type":"if","locations":[{"start":{"line":137,"column":4},"end":{"line":157,"column":null}},{"start":{},"end":{}}],"line":137},"21":{"loc":{"start":{"line":144,"column":6},"end":{"line":157,"column":null}},"type":"if","locations":[{"start":{"line":144,"column":6},"end":{"line":157,"column":null}},{"start":{},"end":{}}],"line":144},"22":{"loc":{"start":{"line":146,"column":26},"end":{"line":146,"column":45}},"type":"binary-expr","locations":[{"start":{"line":146,"column":26},"end":{"line":146,"column":43}},{"start":{"line":146,"column":43},"end":{"line":146,"column":45}}],"line":146},"23":{"loc":{"start":{"line":149,"column":10},"end":{"line":154,"column":null}},"type":"if","locations":[{"start":{"line":149,"column":10},"end":{"line":154,"column":null}},{"start":{},"end":{}}],"line":149},"24":{"loc":{"start":{"line":149,"column":14},"end":{"line":149,"column":52}},"type":"binary-expr","locations":[{"start":{"line":149,"column":14},"end":{"line":149,"column":24}},{"start":{"line":149,"column":24},"end":{"line":149,"column":52}}],"line":149},"25":{"loc":{"start":{"line":151,"column":14},"end":{"line":152,"column":null}},"type":"if","locations":[{"start":{"line":151,"column":14},"end":{"line":152,"column":null}},{"start":{},"end":{}}],"line":151},"26":{"loc":{"start":{"line":166,"column":20},"end":{"line":166,"column":null}},"type":"binary-expr","locations":[{"start":{"line":166,"column":20},"end":{"line":166,"column":31}},{"start":{"line":166,"column":31},"end":{"line":166,"column":41}},{"start":{"line":166,"column":41},"end":{"line":166,"column":null}}],"line":166},"27":{"loc":{"start":{"line":171,"column":12},"end":{"line":171,"column":null}},"type":"binary-expr","locations":[{"start":{"line":171,"column":12},"end":{"line":171,"column":28}},{"start":{"line":171,"column":28},"end":{"line":171,"column":null}}],"line":171}},"s":{"0":2,"1":2,"2":2,"3":2,"4":2,"5":2,"6":1,"7":2,"8":1,"9":2,"10":2,"11":3,"12":2,"13":1,"14":4,"15":4,"16":4,"17":4,"18":4,"19":4,"20":4,"21":1,"22":1,"23":1,"24":1,"25":4,"26":4,"27":4,"28":0,"29":4,"30":4,"31":3,"32":4,"33":4,"34":4,"35":4,"36":4,"37":0,"38":4,"39":4,"40":4,"41":4,"42":2,"43":2,"44":0,"45":2,"46":2,"47":4,"48":4,"49":4,"50":2,"51":2,"52":2,"53":1,"54":2,"55":0,"56":0,"57":0,"58":4,"59":1,"60":1,"61":1,"62":1,"63":1,"64":1,"65":1,"66":1,"67":1,"68":1,"69":1,"70":0,"71":4,"72":2,"73":2,"74":2,"75":2,"76":4,"77":4,"78":2,"79":0,"80":2,"81":1,"82":1,"83":1,"84":1,"85":1,"86":0},"f":{"0":2,"1":1,"2":1,"3":2,"4":3,"5":1,"6":4,"7":1,"8":4,"9":4,"10":0,"11":2,"12":2,"13":0,"14":1,"15":1,"16":2,"17":0,"18":1,"19":1},"b":{"0":[2,0],"1":[4,3],"2":[4,0],"3":[4,4],"4":[1,3],"5":[1,0],"6":[1,1],"7":[0,4],"8":[3,1],"9":[4,0],"10":[4,1],"11":[2,2],"12":[2,2],"13":[0,2],"14":[2,2],"15":[2,0],"16":[2,2],"17":[0,2],"18":[0,0],"19":[0,0],"20":[1,3],"21":[1,0],"22":[1,0],"23":[1,0],"24":[1,1],"25":[1,0],"26":[2,0,0],"27":[2,0]},"meta":{"lastBranch":28,"lastFunction":20,"lastStatement":87,"seen":{"s:9:12:9:22":0,"s:10:15:10:35":1,"s:12:0:12:Infinity":2,"s:14:6:14:45":3,"f:14:6:14:15":0,"s:14:15:14:45":4,"b:14:30:14:35:14:35:14:39":0,"s:17:0:17:Infinity":5,"f:17:8:17:27":1,"s:17:33:17:44":6,"s:18:0:18:Infinity":7,"f:18:8:18:35":2,"s:18:41:18:52":8,"f:20:9:20:18":3,"s:21:2:63:Infinity":9,"s:66:0:66:Infinity":10,"f:66:29:66:36":4,"s:66:42:66:58":11,"s:67:0:67:Infinity":12,"f:67:37:67:44":5,"s:67:50:67:66":13,"f:69:15:69:29":6,"s:70:21:70:34":14,"s:71:20:71:Infinity":15,"b:71:20:71:41:71:45:71:Infinity":1,"s:73:2:73:Infinity":16,"b:75:2:76:Infinity:undefined:undefined:undefined:undefined":2,"s:75:2:76:Infinity":17,"b:75:6:75:12:75:12:75:32":3,"s:76:4:76:Infinity":18,"s:79:25:79:27":19,"b:80:2:84:Infinity:undefined:undefined:undefined:undefined":4,"s:80:2:84:Infinity":20,"s:81:4:84:Infinity":21,"f:81:25:81:34":7,"s:82:21:82:34":22,"b:83:6:83:Infinity:undefined:undefined:undefined:undefined":5,"s:83:6:83:Infinity":23,"b:83:10:83:15:83:15:83:18":6,"s:83:18:83:Infinity":24,"s:87:19:87:Infinity":25,"s:88:17:88:57":26,"b:89:2:89:Infinity:undefined:undefined:undefined:undefined":7,"s:89:2:89:Infinity":27,"s:89:14:89:Infinity":28,"s:91:20:91:22":29,"b:92:2:93:Infinity:undefined:undefined:undefined:undefined":8,"s:92:2:93:Infinity":30,"s:93:4:93:Infinity":31,"s:96:20:96:Infinity":32,"b:96:20:96:40:96:40:96:Infinity":9,"s:97:16:100:15":33,"s:102:2:107:Infinity":34,"f:104:7:104:13":8,"s:104:19:104:27":35,"f:105:7:105:13":9,"s:105:24:105:39":36,"b:105:24:105:37:105:37:105:39":10,"f:106:7:106:19":10,"s:106:19:106:21":37,"s:109:21:109:49":38,"s:110:25:110:42":39,"s:113:15:113:24":40,"s:114:2:119:Infinity":41,"f:114:18:114:26":11,"s:115:10:115:Infinity":42,"b:115:10:115:63:115:67:115:Infinity":11,"b:115:18:115:34:115:34:115:50":12,"b:116:4:116:Infinity:undefined:undefined:undefined:undefined":13,"s:116:4:116:Infinity":43,"b:116:8:116:17:116:17:116:31":14,"s:116:33:116:Infinity":44,"s:117:4:117:Infinity":45,"s:118:4:118:Infinity":46,"s:122:2:161:Infinity":47,"s:123:24:123:41":48,"s:124:4:135:Infinity":49,"f:124:11:124:20":12,"b:125:6:127:Infinity:undefined:undefined:undefined:undefined":15,"s:125:6:127:Infinity":50,"b:125:10:125:19:125:19:125:46":16,"s:126:24:126:54":51,"s:127:8:127:Infinity":52,"s:127:33:127:Infinity":53,"b:129:6:133:Infinity:undefined:undefined:undefined:undefined":17,"s:129:6:133:Infinity":54,"s:130:8:133:Infinity":55,"f:130:18:130:27":13,"b:131:10:132:Infinity:undefined:undefined:undefined:undefined":18,"s:131:10:132:Infinity":56,"b:131:14:131:35:131:39:131:60":19,"s:132:12:132:Infinity":57,"b:137:4:157:Infinity:undefined:undefined:undefined:undefined":20,"s:137:4:157:Infinity":58,"s:138:21:142:8":59,"b:144:6:157:Infinity:undefined:undefined:undefined:undefined":21,"s:144:6:157:Infinity":60,"s:145:29:145:48":61,"s:146:26:146:45":62,"b:146:26:146:43:146:43:146:45":22,"s:147:8:157:Infinity":63,"f:147:24:147:29":14,"s:148:23:148:Infinity":64,"b:149:10:154:Infinity:undefined:undefined:undefined:undefined":23,"s:149:10:154:Infinity":65,"b:149:14:149:24:149:24:149:52":24,"s:150:12:154:Infinity":66,"f:150:22:150:31":15,"b:151:14:152:Infinity:undefined:undefined:undefined:undefined":25,"s:151:14:152:Infinity":67,"s:152:16:152:Infinity":68,"s:156:10:156:Infinity":69,"s:161:4:161:Infinity":70,"s:165:23:174:Infinity":71,"f:165:30:165:35":16,"s:166:20:166:Infinity":72,"b:166:20:166:31:166:31:166:41:166:41:166:Infinity":26,"s:167:4:167:Infinity":73,"s:168:10:168:50":74,"s:169:4:173:Infinity":75,"b:171:12:171:28:171:28:171:Infinity":27,"s:176:2:176:Infinity":76,"s:177:2:177:Infinity":77,"s:180:0:180:Infinity":78,"f:180:37:180:44":17,"s:180:50:180:69":79,"s:181:0:181:Infinity":80,"f:181:45:181:52":18,"s:181:58:181:77":81,"f:183:15:183:32":19,"s:184:23:184:36":82,"s:185:2:189:Infinity":83,"s:186:22:186:63":84,"s:187:4:187:Infinity":85,"s:189:4:189:Infinity":86}}}
,"C:\\Users\\Eduardo\\SeedSphere\\bridge\\src\\logger.ts": {"path":"C:\\Users\\Eduardo\\SeedSphere\\bridge\\src\\logger.ts","statementMap":{"0":{"start":{"line":4,"column":22},"end":{"line":4,"column":36}},"1":{"start":{"line":7,"column":22},"end":{"line":7,"column":46}},"2":{"start":{"line":8,"column":14},"end":{"line":8,"column":null}},"3":{"start":{"line":9,"column":4},"end":{"line":10,"column":null}},"4":{"start":{"line":10,"column":6},"end":{"line":10,"column":null}},"5":{"start":{"line":12,"column":4},"end":{"line":12,"column":null}},"6":{"start":{"line":16,"column":4},"end":{"line":16,"column":null}},"7":{"start":{"line":20,"column":4},"end":{"line":20,"column":null}},"8":{"start":{"line":24,"column":4},"end":{"line":24,"column":null}},"9":{"start":{"line":28,"column":4},"end":{"line":28,"column":null}}},"fnMap":{"0":{"name":"(anonymous_0)","decl":{"start":{"line":4,"column":2},"end":{"line":4,"column":14}},"loc":{"start":{"line":4,"column":36},"end":{"line":4,"column":36}},"line":4},"1":{"name":"(anonymous_1)","decl":{"start":{"line":6,"column":2},"end":{"line":6,"column":10}},"loc":{"start":{"line":6,"column":63},"end":{"line":12,"column":null}},"line":6},"2":{"name":"(anonymous_2)","decl":{"start":{"line":15,"column":2},"end":{"line":15,"column":7}},"loc":{"start":{"line":15,"column":39},"end":{"line":16,"column":null}},"line":15},"3":{"name":"(anonymous_3)","decl":{"start":{"line":19,"column":2},"end":{"line":19,"column":7}},"loc":{"start":{"line":19,"column":39},"end":{"line":20,"column":null}},"line":19},"4":{"name":"(anonymous_4)","decl":{"start":{"line":23,"column":2},"end":{"line":23,"column":8}},"loc":{"start":{"line":23,"column":40},"end":{"line":24,"column":null}},"line":23},"5":{"name":"(anonymous_5)","decl":{"start":{"line":27,"column":2},"end":{"line":27,"column":8}},"loc":{"start":{"line":27,"column":40},"end":{"line":28,"column":null}},"line":27}},"branchMap":{"0":{"loc":{"start":{"line":9,"column":4},"end":{"line":10,"column":null}},"type":"if","locations":[{"start":{"line":9,"column":4},"end":{"line":10,"column":null}},{"start":{},"end":{}}],"line":9}},"s":{"0":8,"1":13,"2":13,"3":13,"4":5,"5":13,"6":10,"7":1,"8":2,"9":0},"f":{"0":8,"1":13,"2":10,"3":1,"4":2,"5":0},"b":{"0":[5,8]},"meta":{"lastBranch":1,"lastFunction":6,"lastStatement":10,"seen":{"f:4:2:4:14":0,"s:4:22:4:36":0,"f:6:2:6:10":1,"s:7:22:7:46":1,"s:8:14:8:Infinity":2,"b:9:4:10:Infinity:undefined:undefined:undefined:undefined":0,"s:9:4:10:Infinity":3,"s:10:6:10:Infinity":4,"s:12:4:12:Infinity":5,"f:15:2:15:7":2,"s:16:4:16:Infinity":6,"f:19:2:19:7":3,"s:20:4:20:Infinity":7,"f:23:2:23:8":4,"s:24:4:24:Infinity":8,"f:27:2:27:8":5,"s:28:4:28:Infinity":9}}}
,"C:\\Users\\Eduardo\\SeedSphere\\bridge\\src\\normalizer.ts": {"path":"C:\\Users\\Eduardo\\SeedSphere\\bridge\\src\\normalizer.ts","statementMap":{"0":{"start":{"line":7,"column":6},"end":{"line":7,"column":69}},"1":{"start":{"line":8,"column":2},"end":{"line":8,"column":null}},"2":{"start":{"line":9,"column":2},"end":{"line":14,"column":null}},"3":{"start":{"line":15,"column":2},"end":{"line":15,"column":null}},"4":{"start":{"line":16,"column":2},"end":{"line":19,"column":null}},"5":{"start":{"line":20,"column":2},"end":{"line":20,"column":null}},"6":{"start":{"line":27,"column":10},"end":{"line":27,"column":null}},"7":{"start":{"line":29,"column":2},"end":{"line":32,"column":null}},"8":{"start":{"line":31,"column":17},"end":{"line":31,"column":null}},"9":{"start":{"line":34,"column":2},"end":{"line":37,"column":null}},"10":{"start":{"line":36,"column":17},"end":{"line":36,"column":null}},"11":{"start":{"line":39,"column":2},"end":{"line":42,"column":null}},"12":{"start":{"line":41,"column":17},"end":{"line":41,"column":null}},"13":{"start":{"line":44,"column":2},"end":{"line":44,"column":null}},"14":{"start":{"line":51,"column":19},"end":{"line":59,"column":null}},"15":{"start":{"line":60,"column":12},"end":{"line":60,"column":null}},"16":{"start":{"line":62,"column":8},"end":{"line":62,"column":null}},"17":{"start":{"line":63,"column":2},"end":{"line":63,"column":null}},"18":{"start":{"line":63,"column":11},"end":{"line":63,"column":null}},"19":{"start":{"line":65,"column":8},"end":{"line":67,"column":null}},"20":{"start":{"line":68,"column":2},"end":{"line":68,"column":null}},"21":{"start":{"line":68,"column":11},"end":{"line":68,"column":null}},"22":{"start":{"line":70,"column":8},"end":{"line":70,"column":null}},"23":{"start":{"line":71,"column":2},"end":{"line":76,"column":null}},"24":{"start":{"line":72,"column":4},"end":{"line":76,"column":null}},"25":{"start":{"line":78,"column":2},"end":{"line":81,"column":null}},"26":{"start":{"line":78,"column":26},"end":{"line":78,"column":null}},"27":{"start":{"line":79,"column":11},"end":{"line":81,"column":null}},"28":{"start":{"line":79,"column":29},"end":{"line":79,"column":null}},"29":{"start":{"line":80,"column":11},"end":{"line":81,"column":null}},"30":{"start":{"line":80,"column":49},"end":{"line":80,"column":null}},"31":{"start":{"line":81,"column":11},"end":{"line":81,"column":null}},"32":{"start":{"line":81,"column":31},"end":{"line":81,"column":null}},"33":{"start":{"line":83,"column":8},"end":{"line":85,"column":null}},"34":{"start":{"line":86,"column":2},"end":{"line":86,"column":null}},"35":{"start":{"line":86,"column":13},"end":{"line":86,"column":null}},"36":{"start":{"line":88,"column":2},"end":{"line":88,"column":null}},"37":{"start":{"line":92,"column":15},"end":{"line":92,"column":56}},"38":{"start":{"line":93,"column":16},"end":{"line":93,"column":42}},"39":{"start":{"line":94,"column":2},"end":{"line":94,"column":null}},"40":{"start":{"line":94,"column":18},"end":{"line":94,"column":null}},"41":{"start":{"line":95,"column":2},"end":{"line":95,"column":null}},"42":{"start":{"line":95,"column":23},"end":{"line":95,"column":null}},"43":{"start":{"line":96,"column":2},"end":{"line":96,"column":null}},"44":{"start":{"line":96,"column":19},"end":{"line":96,"column":null}},"45":{"start":{"line":97,"column":2},"end":{"line":97,"column":null}},"46":{"start":{"line":97,"column":18},"end":{"line":97,"column":null}},"47":{"start":{"line":98,"column":2},"end":{"line":98,"column":null}},"48":{"start":{"line":98,"column":16},"end":{"line":98,"column":null}},"49":{"start":{"line":99,"column":2},"end":{"line":99,"column":null}},"50":{"start":{"line":99,"column":18},"end":{"line":99,"column":null}},"51":{"start":{"line":101,"column":2},"end":{"line":102,"column":null}},"52":{"start":{"line":102,"column":4},"end":{"line":102,"column":null}},"53":{"start":{"line":103,"column":2},"end":{"line":104,"column":null}},"54":{"start":{"line":104,"column":4},"end":{"line":104,"column":null}},"55":{"start":{"line":105,"column":2},"end":{"line":105,"column":null}},"56":{"start":{"line":105,"column":14},"end":{"line":105,"column":null}},"57":{"start":{"line":107,"column":2},"end":{"line":107,"column":null}},"58":{"start":{"line":109,"column":13},"end":{"line":109,"column":29}},"59":{"start":{"line":110,"column":2},"end":{"line":111,"column":null}},"60":{"start":{"line":111,"column":4},"end":{"line":111,"column":null}},"61":{"start":{"line":113,"column":2},"end":{"line":113,"column":null}}},"fnMap":{"0":{"name":"toTitleNatural","decl":{"start":{"line":6,"column":16},"end":{"line":6,"column":31}},"loc":{"start":{"line":6,"column":46},"end":{"line":20,"column":null}},"line":6},"1":{"name":"normalizeSxxEyy","decl":{"start":{"line":26,"column":16},"end":{"line":26,"column":32}},"loc":{"start":{"line":26,"column":55},"end":{"line":44,"column":null}},"line":26},"2":{"name":"(anonymous_2)","decl":{"start":{"line":30,"column":4},"end":{"line":30,"column":null}},"loc":{"start":{"line":31,"column":17},"end":{"line":31,"column":null}},"line":31},"3":{"name":"(anonymous_3)","decl":{"start":{"line":35,"column":4},"end":{"line":35,"column":null}},"loc":{"start":{"line":36,"column":17},"end":{"line":36,"column":null}},"line":36},"4":{"name":"(anonymous_4)","decl":{"start":{"line":40,"column":4},"end":{"line":40,"column":null}},"loc":{"start":{"line":41,"column":17},"end":{"line":41,"column":null}},"line":41},"5":{"name":"parseReleaseInfo","decl":{"start":{"line":50,"column":16},"end":{"line":50,"column":33}},"loc":{"start":{"line":50,"column":47},"end":{"line":88,"column":null}},"line":50},"6":{"name":"buildDescriptionMultiline","decl":{"start":{"line":91,"column":16},"end":{"line":91,"column":42}},"loc":{"start":{"line":91,"column":66},"end":{"line":113,"column":null}},"line":91}},"branchMap":{"0":{"loc":{"start":{"line":7,"column":11},"end":{"line":7,"column":24}},"type":"binary-expr","locations":[{"start":{"line":7,"column":11},"end":{"line":7,"column":20}},{"start":{"line":7,"column":20},"end":{"line":7,"column":24}}],"line":7},"1":{"loc":{"start":{"line":62,"column":15},"end":{"line":62,"column":56}},"type":"binary-expr","locations":[{"start":{"line":62,"column":15},"end":{"line":62,"column":50}},{"start":{"line":62,"column":54},"end":{"line":62,"column":56}}],"line":62},"2":{"loc":{"start":{"line":63,"column":2},"end":{"line":63,"column":null}},"type":"if","locations":[{"start":{"line":63,"column":2},"end":{"line":63,"column":null}},{"start":{},"end":{}}],"line":63},"3":{"loc":{"start":{"line":65,"column":15},"end":{"line":67,"column":9}},"type":"binary-expr","locations":[{"start":{"line":65,"column":15},"end":{"line":66,"column":null}},{"start":{"line":67,"column":7},"end":{"line":67,"column":9}}],"line":65},"4":{"loc":{"start":{"line":68,"column":2},"end":{"line":68,"column":null}},"type":"if","locations":[{"start":{"line":68,"column":2},"end":{"line":68,"column":null}},{"start":{},"end":{}}],"line":68},"5":{"loc":{"start":{"line":70,"column":17},"end":{"line":70,"column":69}},"type":"binary-expr","locations":[{"start":{"line":70,"column":17},"end":{"line":70,"column":63}},{"start":{"line":70,"column":67},"end":{"line":70,"column":69}}],"line":70},"6":{"loc":{"start":{"line":71,"column":2},"end":{"line":76,"column":null}},"type":"if","locations":[{"start":{"line":71,"column":2},"end":{"line":76,"column":null}},{"start":{},"end":{}}],"line":71},"7":{"loc":{"start":{"line":72,"column":16},"end":{"line":76,"column":null}},"type":"cond-expr","locations":[{"start":{"line":73,"column":8},"end":{"line":73,"column":null}},{"start":{"line":74,"column":8},"end":{"line":76,"column":null}}],"line":72},"8":{"loc":{"start":{"line":74,"column":8},"end":{"line":76,"column":null}},"type":"cond-expr","locations":[{"start":{"line":75,"column":10},"end":{"line":75,"column":null}},{"start":{"line":76,"column":10},"end":{"line":76,"column":null}}],"line":74},"9":{"loc":{"start":{"line":78,"column":2},"end":{"line":81,"column":null}},"type":"if","locations":[{"start":{"line":78,"column":2},"end":{"line":81,"column":null}},{"start":{"line":79,"column":11},"end":{"line":81,"column":null}}],"line":78},"10":{"loc":{"start":{"line":79,"column":11},"end":{"line":81,"column":null}},"type":"if","locations":[{"start":{"line":79,"column":11},"end":{"line":81,"column":null}},{"start":{"line":80,"column":11},"end":{"line":81,"column":null}}],"line":79},"11":{"loc":{"start":{"line":80,"column":11},"end":{"line":81,"column":null}},"type":"if","locations":[{"start":{"line":80,"column":11},"end":{"line":81,"column":null}},{"start":{"line":81,"column":11},"end":{"line":81,"column":null}}],"line":80},"12":{"loc":{"start":{"line":81,"column":11},"end":{"line":81,"column":null}},"type":"if","locations":[{"start":{"line":81,"column":11},"end":{"line":81,"column":null}},{"start":{},"end":{}}],"line":81},"13":{"loc":{"start":{"line":83,"column":17},"end":{"line":85,"column":9}},"type":"binary-expr","locations":[{"start":{"line":83,"column":17},"end":{"line":84,"column":null}},{"start":{"line":85,"column":7},"end":{"line":85,"column":9}}],"line":83},"14":{"loc":{"start":{"line":86,"column":2},"end":{"line":86,"column":null}},"type":"if","locations":[{"start":{"line":86,"column":2},"end":{"line":86,"column":null}},{"start":{},"end":{}}],"line":86},"15":{"loc":{"start":{"line":92,"column":32},"end":{"line":92,"column":56}},"type":"binary-expr","locations":[{"start":{"line":92,"column":32},"end":{"line":92,"column":43}},{"start":{"line":92,"column":43},"end":{"line":92,"column":53}},{"start":{"line":92,"column":53},"end":{"line":92,"column":56}}],"line":92},"16":{"loc":{"start":{"line":94,"column":2},"end":{"line":94,"column":null}},"type":"if","locations":[{"start":{"line":94,"column":2},"end":{"line":94,"column":null}},{"start":{},"end":{}}],"line":94},"17":{"loc":{"start":{"line":95,"column":2},"end":{"line":95,"column":null}},"type":"if","locations":[{"start":{"line":95,"column":2},"end":{"line":95,"column":null}},{"start":{},"end":{}}],"line":95},"18":{"loc":{"start":{"line":96,"column":2},"end":{"line":96,"column":null}},"type":"if","locations":[{"start":{"line":96,"column":2},"end":{"line":96,"column":null}},{"start":{},"end":{}}],"line":96},"19":{"loc":{"start":{"line":97,"column":2},"end":{"line":97,"column":null}},"type":"if","locations":[{"start":{"line":97,"column":2},"end":{"line":97,"column":null}},{"start":{},"end":{}}],"line":97},"20":{"loc":{"start":{"line":98,"column":2},"end":{"line":98,"column":null}},"type":"if","locations":[{"start":{"line":98,"column":2},"end":{"line":98,"column":null}},{"start":{},"end":{}}],"line":98},"21":{"loc":{"start":{"line":99,"column":2},"end":{"line":99,"column":null}},"type":"if","locations":[{"start":{"line":99,"column":2},"end":{"line":99,"column":null}},{"start":{},"end":{}}],"line":99},"22":{"loc":{"start":{"line":101,"column":2},"end":{"line":102,"column":null}},"type":"if","locations":[{"start":{"line":101,"column":2},"end":{"line":102,"column":null}},{"start":{},"end":{}}],"line":101},"23":{"loc":{"start":{"line":101,"column":6},"end":{"line":101,"column":null}},"type":"binary-expr","locations":[{"start":{"line":101,"column":6},"end":{"line":101,"column":31}},{"start":{"line":101,"column":31},"end":{"line":101,"column":null}}],"line":101},"24":{"loc":{"start":{"line":103,"column":2},"end":{"line":104,"column":null}},"type":"if","locations":[{"start":{"line":103,"column":2},"end":{"line":104,"column":null}},{"start":{},"end":{}}],"line":103},"25":{"loc":{"start":{"line":103,"column":6},"end":{"line":103,"column":null}},"type":"binary-expr","locations":[{"start":{"line":103,"column":6},"end":{"line":103,"column":31}},{"start":{"line":103,"column":31},"end":{"line":103,"column":null}}],"line":103},"26":{"loc":{"start":{"line":105,"column":2},"end":{"line":105,"column":null}},"type":"if","locations":[{"start":{"line":105,"column":2},"end":{"line":105,"column":null}},{"start":{},"end":{}}],"line":105},"27":{"loc":{"start":{"line":110,"column":2},"end":{"line":111,"column":null}},"type":"if","locations":[{"start":{"line":110,"column":2},"end":{"line":111,"column":null}},{"start":{},"end":{}}],"line":110},"28":{"loc":{"start":{"line":110,"column":6},"end":{"line":110,"column":61}},"type":"binary-expr","locations":[{"start":{"line":110,"column":6},"end":{"line":110,"column":46}},{"start":{"line":110,"column":46},"end":{"line":110,"column":61}}],"line":110}},"s":{"0":5,"1":5,"2":5,"3":5,"4":5,"5":5,"6":5,"7":5,"8":1,"9":5,"10":2,"11":5,"12":1,"13":5,"14":3,"15":3,"16":3,"17":3,"18":1,"19":3,"20":3,"21":1,"22":3,"23":3,"24":1,"25":3,"26":0,"27":3,"28":1,"29":2,"30":0,"31":2,"32":0,"33":3,"34":3,"35":0,"36":3,"37":2,"38":2,"39":2,"40":2,"41":2,"42":0,"43":2,"44":0,"45":2,"46":0,"47":2,"48":0,"49":2,"50":0,"51":2,"52":0,"53":2,"54":0,"55":2,"56":0,"57":2,"58":2,"59":2,"60":0,"61":2},"f":{"0":5,"1":5,"2":1,"3":2,"4":1,"5":3,"6":2},"b":{"0":[5,0],"1":[3,2],"2":[1,2],"3":[3,2],"4":[1,2],"5":[3,2],"6":[1,2],"7":[1,0],"8":[0,0],"9":[0,3],"10":[1,2],"11":[0,2],"12":[0,2],"13":[3,3],"14":[0,3],"15":[2,0,0],"16":[2,0],"17":[0,2],"18":[0,2],"19":[0,2],"20":[0,2],"21":[0,2],"22":[0,2],"23":[2,0],"24":[0,2],"25":[2,0],"26":[0,2],"27":[0,2],"28":[2,0]},"meta":{"lastBranch":29,"lastFunction":7,"lastStatement":62,"seen":{"f:6:16:6:31":0,"s:7:6:7:69":0,"b:7:11:7:20:7:20:7:24":0,"s:8:2:8:Infinity":1,"s:9:2:14:Infinity":2,"s:15:2:15:Infinity":3,"s:16:2:19:Infinity":4,"s:20:2:20:Infinity":5,"f:26:16:26:32":1,"s:27:10:27:Infinity":6,"s:29:2:32:Infinity":7,"f:30:4:30:Infinity":2,"s:31:17:31:Infinity":8,"s:34:2:37:Infinity":9,"f:35:4:35:Infinity":3,"s:36:17:36:Infinity":10,"s:39:2:42:Infinity":11,"f:40:4:40:Infinity":4,"s:41:17:41:Infinity":12,"s:44:2:44:Infinity":13,"f:50:16:50:33":5,"s:51:19:59:Infinity":14,"s:60:12:60:Infinity":15,"s:62:8:62:Infinity":16,"b:62:15:62:50:62:54:62:56":1,"b:63:2:63:Infinity:undefined:undefined:undefined:undefined":2,"s:63:2:63:Infinity":17,"s:63:11:63:Infinity":18,"s:65:8:67:Infinity":19,"b:65:15:66:Infinity:67:7:67:9":3,"b:68:2:68:Infinity:undefined:undefined:undefined:undefined":4,"s:68:2:68:Infinity":20,"s:68:11:68:Infinity":21,"s:70:8:70:Infinity":22,"b:70:17:70:63:70:67:70:69":5,"b:71:2:76:Infinity:undefined:undefined:undefined:undefined":6,"s:71:2:76:Infinity":23,"s:72:4:76:Infinity":24,"b:73:8:73:Infinity:74:8:76:Infinity":7,"b:75:10:75:Infinity:76:10:76:Infinity":8,"b:78:2:81:Infinity:79:11:81:Infinity":9,"s:78:2:81:Infinity":25,"s:78:26:78:Infinity":26,"b:79:11:81:Infinity:80:11:81:Infinity":10,"s:79:11:81:Infinity":27,"s:79:29:79:Infinity":28,"b:80:11:81:Infinity:81:11:81:Infinity":11,"s:80:11:81:Infinity":29,"s:80:49:80:Infinity":30,"b:81:11:81:Infinity:undefined:undefined:undefined:undefined":12,"s:81:11:81:Infinity":31,"s:81:31:81:Infinity":32,"s:83:8:85:Infinity":33,"b:83:17:84:Infinity:85:7:85:9":13,"b:86:2:86:Infinity:undefined:undefined:undefined:undefined":14,"s:86:2:86:Infinity":34,"s:86:13:86:Infinity":35,"s:88:2:88:Infinity":36,"f:91:16:91:42":6,"s:92:15:92:56":37,"b:92:32:92:43:92:43:92:53:92:53:92:56":15,"s:93:16:93:42":38,"b:94:2:94:Infinity:undefined:undefined:undefined:undefined":16,"s:94:2:94:Infinity":39,"s:94:18:94:Infinity":40,"b:95:2:95:Infinity:undefined:undefined:undefined:undefined":17,"s:95:2:95:Infinity":41,"s:95:23:95:Infinity":42,"b:96:2:96:Infinity:undefined:undefined:undefined:undefined":18,"s:96:2:96:Infinity":43,"s:96:19:96:Infinity":44,"b:97:2:97:Infinity:undefined:undefined:undefined:undefined":19,"s:97:2:97:Infinity":45,"s:97:18:97:Infinity":46,"b:98:2:98:Infinity:undefined:undefined:undefined:undefined":20,"s:98:2:98:Infinity":47,"s:98:16:98:Infinity":48,"b:99:2:99:Infinity:undefined:undefined:undefined:undefined":21,"s:99:2:99:Infinity":49,"s:99:18:99:Infinity":50,"b:101:2:102:Infinity:undefined:undefined:undefined:undefined":22,"s:101:2:102:Infinity":51,"b:101:6:101:31:101:31:101:Infinity":23,"s:102:4:102:Infinity":52,"b:103:2:104:Infinity:undefined:undefined:undefined:undefined":24,"s:103:2:104:Infinity":53,"b:103:6:103:31:103:31:103:Infinity":25,"s:104:4:104:Infinity":54,"b:105:2:105:Infinity:undefined:undefined:undefined:undefined":26,"s:105:2:105:Infinity":55,"s:105:14:105:Infinity":56,"s:107:2:107:Infinity":57,"s:109:13:109:29":58,"b:110:2:111:Infinity:undefined:undefined:undefined:undefined":27,"s:110:2:111:Infinity":59,"b:110:6:110:46:110:46:110:61":28,"s:111:4:111:Infinity":60,"s:113:2:113:Infinity":61}}}
,"C:\\Users\\Eduardo\\SeedSphere\\bridge\\src\\providers.ts": {"path":"C:\\Users\\Eduardo\\SeedSphere\\bridge\\src\\providers.ts","statementMap":{"0":{"start":{"line":4,"column":15},"end":{"line":4,"column":38}},"1":{"start":{"line":13,"column":15},"end":{"line":13,"column":null}},"2":{"start":{"line":14,"column":14},"end":{"line":14,"column":null}},"3":{"start":{"line":15,"column":2},"end":{"line":42,"column":null}},"4":{"start":{"line":16,"column":16},"end":{"line":25,"column":6}},"5":{"start":{"line":27,"column":4},"end":{"line":27,"column":null}},"6":{"start":{"line":28,"column":4},"end":{"line":31,"column":null}},"7":{"start":{"line":29,"column":18},"end":{"line":29,"column":34}},"8":{"start":{"line":30,"column":6},"end":{"line":30,"column":null}},"9":{"start":{"line":31,"column":6},"end":{"line":31,"column":null}},"10":{"start":{"line":33,"column":22},"end":{"line":33,"column":38}},"11":{"start":{"line":34,"column":4},"end":{"line":39,"column":null}},"12":{"start":{"line":34,"column":49},"end":{"line":39,"column":7}},"13":{"start":{"line":41,"column":4},"end":{"line":41,"column":null}},"14":{"start":{"line":42,"column":4},"end":{"line":42,"column":null}},"15":{"start":{"line":50,"column":17},"end":{"line":50,"column":null}},"16":{"start":{"line":51,"column":2},"end":{"line":53,"column":null}},"17":{"start":{"line":52,"column":4},"end":{"line":52,"column":null}},"18":{"start":{"line":53,"column":4},"end":{"line":53,"column":null}},"19":{"start":{"line":56,"column":2},"end":{"line":83,"column":null}},"20":{"start":{"line":57,"column":22},"end":{"line":57,"column":47}},"21":{"start":{"line":58,"column":21},"end":{"line":65,"column":null}},"22":{"start":{"line":68,"column":4},"end":{"line":68,"column":null}},"23":{"start":{"line":68,"column":22},"end":{"line":68,"column":null}},"24":{"start":{"line":70,"column":22},"end":{"line":70,"column":43}},"25":{"start":{"line":71,"column":20},"end":{"line":71,"column":61}},"26":{"start":{"line":73,"column":4},"end":{"line":80,"column":null}},"27":{"start":{"line":75,"column":26},"end":{"line":79,"column":9}},"28":{"start":{"line":80,"column":26},"end":{"line":80,"column":32}},"29":{"start":{"line":82,"column":4},"end":{"line":82,"column":null}},"30":{"start":{"line":83,"column":4},"end":{"line":83,"column":null}}},"fnMap":{"0":{"name":"fetchTorrentio","decl":{"start":{"line":9,"column":22},"end":{"line":9,"column":null}},"loc":{"start":{"line":12,"column":21},"end":{"line":42,"column":null}},"line":12},"1":{"name":"(anonymous_1)","decl":{"start":{"line":34,"column":32},"end":{"line":34,"column":37}},"loc":{"start":{"line":34,"column":49},"end":{"line":39,"column":7}},"line":34},"2":{"name":"fetchOpenSubtitles","decl":{"start":{"line":49,"column":22},"end":{"line":49,"column":41}},"loc":{"start":{"line":49,"column":81},"end":{"line":83,"column":null}},"line":49},"3":{"name":"(anonymous_3)","decl":{"start":{"line":75,"column":7},"end":{"line":75,"column":12}},"loc":{"start":{"line":75,"column":26},"end":{"line":79,"column":9}},"line":75},"4":{"name":"(anonymous_4)","decl":{"start":{"line":80,"column":7},"end":{"line":80,"column":15}},"loc":{"start":{"line":80,"column":26},"end":{"line":80,"column":32}},"line":80}},"branchMap":{"0":{"loc":{"start":{"line":28,"column":4},"end":{"line":31,"column":null}},"type":"if","locations":[{"start":{"line":28,"column":4},"end":{"line":31,"column":null}},{"start":{},"end":{}}],"line":28},"1":{"loc":{"start":{"line":34,"column":12},"end":{"line":34,"column":30}},"type":"binary-expr","locations":[{"start":{"line":34,"column":12},"end":{"line":34,"column":28}},{"start":{"line":34,"column":28},"end":{"line":34,"column":30}}],"line":34},"2":{"loc":{"start":{"line":37,"column":13},"end":{"line":37,"column":null}},"type":"binary-expr","locations":[{"start":{"line":37,"column":13},"end":{"line":37,"column":24}},{"start":{"line":37,"column":24},"end":{"line":37,"column":null}}],"line":37},"3":{"loc":{"start":{"line":38,"column":13},"end":{"line":38,"column":null}},"type":"binary-expr","locations":[{"start":{"line":38,"column":13},"end":{"line":38,"column":24}},{"start":{"line":38,"column":24},"end":{"line":38,"column":null}}],"line":38},"4":{"loc":{"start":{"line":51,"column":2},"end":{"line":53,"column":null}},"type":"if","locations":[{"start":{"line":51,"column":2},"end":{"line":53,"column":null}},{"start":{},"end":{}}],"line":51},"5":{"loc":{"start":{"line":59,"column":82},"end":{"line":59,"column":null}},"type":"cond-expr","locations":[{"start":{"line":59,"column":102},"end":{"line":59,"column":114}},{"start":{"line":59,"column":114},"end":{"line":59,"column":null}}],"line":59},"6":{"loc":{"start":{"line":68,"column":4},"end":{"line":68,"column":null}},"type":"if","locations":[{"start":{"line":68,"column":4},"end":{"line":68,"column":null}},{"start":{},"end":{}}],"line":68},"7":{"loc":{"start":{"line":71,"column":20},"end":{"line":71,"column":61}},"type":"cond-expr","locations":[{"start":{"line":71,"column":47},"end":{"line":71,"column":59}},{"start":{"line":71,"column":59},"end":{"line":71,"column":61}}],"line":71},"8":{"loc":{"start":{"line":76,"column":29},"end":{"line":76,"column":null}},"type":"binary-expr","locations":[{"start":{"line":76,"column":29},"end":{"line":76,"column":68}},{"start":{"line":76,"column":68},"end":{"line":76,"column":null}}],"line":76},"9":{"loc":{"start":{"line":77,"column":13},"end":{"line":77,"column":null}},"type":"binary-expr","locations":[{"start":{"line":77,"column":13},"end":{"line":77,"column":48}},{"start":{"line":77,"column":48},"end":{"line":77,"column":null}}],"line":77},"10":{"loc":{"start":{"line":78,"column":14},"end":{"line":78,"column":null}},"type":"binary-expr","locations":[{"start":{"line":78,"column":14},"end":{"line":78,"column":42}},{"start":{"line":78,"column":42},"end":{"line":78,"column":null}}],"line":78}},"s":{"0":3,"1":5,"2":5,"3":5,"4":5,"5":5,"6":5,"7":1,"8":1,"9":1,"10":4,"11":4,"12":3,"13":0,"14":0,"15":3,"16":3,"17":1,"18":1,"19":2,"20":2,"21":2,"22":1,"23":0,"24":1,"25":1,"26":3,"27":1,"28":1,"29":1,"30":1},"f":{"0":5,"1":3,"2":3,"3":1,"4":1},"b":{"0":[1,4],"1":[4,1],"2":[3,3],"3":[3,3],"4":[1,2],"5":[0,1],"6":[0,1],"7":[1,0],"8":[1,0],"9":[1,0],"10":[1,0]},"meta":{"lastBranch":11,"lastFunction":5,"lastStatement":31,"seen":{"s:4:15:4:38":0,"f:9:22:9:Infinity":0,"s:13:15:13:Infinity":1,"s:14:14:14:Infinity":2,"s:15:2:42:Infinity":3,"s:16:16:25:6":4,"s:27:4:27:Infinity":5,"b:28:4:31:Infinity:undefined:undefined:undefined:undefined":0,"s:28:4:31:Infinity":6,"s:29:18:29:34":7,"s:30:6:30:Infinity":8,"s:31:6:31:Infinity":9,"s:33:22:33:38":10,"s:34:4:39:Infinity":11,"b:34:12:34:28:34:28:34:30":1,"f:34:32:34:37":1,"s:34:49:39:7":12,"b:37:13:37:24:37:24:37:Infinity":2,"b:38:13:38:24:38:24:38:Infinity":3,"s:41:4:41:Infinity":13,"s:42:4:42:Infinity":14,"f:49:22:49:41":2,"s:50:17:50:Infinity":15,"b:51:2:53:Infinity:undefined:undefined:undefined:undefined":4,"s:51:2:53:Infinity":16,"s:52:4:52:Infinity":17,"s:53:4:53:Infinity":18,"s:56:2:83:Infinity":19,"s:57:22:57:47":20,"s:58:21:65:Infinity":21,"b:59:102:59:114:59:114:59:Infinity":5,"b:68:4:68:Infinity:undefined:undefined:undefined:undefined":6,"s:68:4:68:Infinity":22,"s:68:22:68:Infinity":23,"s:70:22:70:43":24,"s:71:20:71:61":25,"b:71:47:71:59:71:59:71:61":7,"s:73:4:80:Infinity":26,"f:75:7:75:12":3,"s:75:26:79:9":27,"b:76:29:76:68:76:68:76:Infinity":8,"b:77:13:77:48:77:48:77:Infinity":9,"b:78:14:78:42:78:42:78:Infinity":10,"f:80:7:80:15":4,"s:80:26:80:32":28,"s:82:4:82:Infinity":29,"s:83:4:83:Infinity":30}}}
}
